Initializing logger
Registering providers
 Registering github.com/cosmos/cosmos-sdk/runtime.ProvideApp (/Users/avery/go/1.20.0/pkg/mod/github.com/cosmos/cosmos-sdk@v0.50.10/runtime/module.go:84)
  Registering resolver for simple type codec.Codec
  Registering resolver for simple type *codec.LegacyAmino
  Registering resolver for simple type *runtime.AppBuilder
  Registering resolver for simple type *baseapp.MsgServiceRouter
  Registering resolver for simple type *baseapp.GRPCQueryRouter
  Registering resolver for one-per-module type appmodule.AppModule
  Found resolver for appmodule.AppModule: *depinject.onePerModuleResolver
  Registering resolver for simple type protodesc.Resolver
  Registering resolver for simple type protoregistry.MessageTypeResolver
 Registering resolver for many-per-container type signing.CustomGetSigner
 Registering github.com/cosmos/cosmos-sdk/runtime.ProvideInterfaceRegistry (/Users/avery/go/1.20.0/pkg/mod/github.com/cosmos/cosmos-sdk@v0.50.10/runtime/module.go:164)
  Registering resolver for simple type types.InterfaceRegistry
 Registering module-scoped provider: github.com/cosmos/cosmos-sdk/runtime.ProvideKVStoreKey (/Users/avery/go/1.20.0/pkg/mod/github.com/cosmos/cosmos-sdk@v0.50.10/runtime/module.go:201)
  Registering resolver for module-scoped type *types.KVStoreKey
 Registering module-scoped provider: github.com/cosmos/cosmos-sdk/runtime.ProvideTransientStoreKey (/Users/avery/go/1.20.0/pkg/mod/github.com/cosmos/cosmos-sdk@v0.50.10/runtime/module.go:216)
  Registering resolver for module-scoped type *types.TransientStoreKey
 Registering module-scoped provider: github.com/cosmos/cosmos-sdk/runtime.ProvideMemoryStoreKey (/Users/avery/go/1.20.0/pkg/mod/github.com/cosmos/cosmos-sdk@v0.50.10/runtime/module.go:222)
  Registering resolver for module-scoped type *types.MemoryStoreKey
 Registering github.com/cosmos/cosmos-sdk/runtime.ProvideGenesisTxHandler (/Users/avery/go/1.20.0/pkg/mod/github.com/cosmos/cosmos-sdk@v0.50.10/runtime/module.go:229)
  Registering resolver for simple type genesis.TxHandler
 Registering module-scoped provider: github.com/cosmos/cosmos-sdk/runtime.ProvideKVStoreService (/Users/avery/go/1.20.0/pkg/mod/github.com/cosmos/cosmos-sdk@v0.50.10/runtime/module.go:232)
  Registering resolver for module-scoped type store.KVStoreService
 Registering module-scoped provider: github.com/cosmos/cosmos-sdk/runtime.ProvideMemoryStoreService (/Users/avery/go/1.20.0/pkg/mod/github.com/cosmos/cosmos-sdk@v0.50.10/runtime/module.go:237)
  Registering resolver for module-scoped type store.MemoryStoreService
 Registering module-scoped provider: github.com/cosmos/cosmos-sdk/runtime.ProvideTransientStoreService (/Users/avery/go/1.20.0/pkg/mod/github.com/cosmos/cosmos-sdk@v0.50.10/runtime/module.go:242)
  Registering resolver for module-scoped type store.TransientStoreService
 Registering github.com/cosmos/cosmos-sdk/runtime.ProvideEventService (/Users/avery/go/1.20.0/pkg/mod/github.com/cosmos/cosmos-sdk@v0.50.10/runtime/module.go:247)
  Registering resolver for simple type event.Service
 Registering github.com/cosmos/cosmos-sdk/runtime.ProvideHeaderInfoService (/Users/avery/go/1.20.0/pkg/mod/github.com/cosmos/cosmos-sdk@v0.50.10/runtime/module.go:256)
  Registering resolver for simple type header.Service
 Registering github.com/cosmos/cosmos-sdk/runtime.ProvideCometInfoService (/Users/avery/go/1.20.0/pkg/mod/github.com/cosmos/cosmos-sdk@v0.50.10/runtime/module.go:252)
  Registering resolver for simple type comet.BlockInfoService
 Registering github.com/cosmos/cosmos-sdk/runtime.ProvideBasicManager (/Users/avery/go/1.20.0/pkg/mod/github.com/cosmos/cosmos-sdk@v0.50.10/runtime/module.go:260)
  Registering resolver for simple type module.BasicManager
 Registering github.com/cosmos/cosmos-sdk/runtime.ProvideAddressCodec (/Users/avery/go/1.20.0/pkg/mod/github.com/cosmos/cosmos-sdk@v0.50.10/runtime/module.go:284)
  Registering resolver for simple type address.Codec
  Registering resolver for simple type runtime.ValidatorAddressCodec
  Registering resolver for simple type runtime.ConsensusAddressCodec
 Registering github.com/cosmos/cosmos-sdk/x/auth.ProvideModule (/Users/avery/go/1.20.0/pkg/mod/github.com/cosmos/cosmos-sdk@v0.50.10/x/auth/module.go:209)
  Registering resolver for simple type keeper.AccountKeeper
  Found resolver for appmodule.AppModule: *depinject.onePerModuleResolver
 Registering github.com/cosmos/cosmos-sdk/x/auth/vesting.ProvideModule (/Users/avery/go/1.20.0/pkg/mod/github.com/cosmos/cosmos-sdk@v0.50.10/x/auth/vesting/module.go:140)
  Found resolver for appmodule.AppModule: *depinject.onePerModuleResolver
 Implicitly registering resolver keeper.AccountKeeper for interface type types.AccountKeeper
 Registering github.com/cosmos/cosmos-sdk/x/bank.ProvideModule (/Users/avery/go/1.20.0/pkg/mod/github.com/cosmos/cosmos-sdk@v0.50.10/x/bank/module.go:227)
  Registering resolver for simple type keeper.BaseKeeper
  Found resolver for appmodule.AppModule: *depinject.onePerModuleResolver
 Implicitly registering resolver keeper.AccountKeeper for interface type types.AccountKeeper
 Implicitly registering resolver keeper.BaseKeeper for interface type types.BankKeeper
 Registering github.com/cosmos/cosmos-sdk/x/staking.ProvideModule (/Users/avery/go/1.20.0/pkg/mod/github.com/cosmos/cosmos-sdk@v0.50.10/x/staking/module.go:221)
  Registering resolver for simple type *keeper.Keeper
  Found resolver for appmodule.AppModule: *depinject.onePerModuleResolver
 Implicitly registering resolver keeper.AccountKeeper for interface type types.AccountKeeper
 Implicitly registering resolver keeper.BaseKeeper for interface type types.BankKeeper
 Implicitly registering resolver *keeper.Keeper for interface type types.StakingKeeper
 Registering github.com/cosmos/cosmos-sdk/x/slashing.ProvideModule (/Users/avery/go/1.20.0/pkg/mod/github.com/cosmos/cosmos-sdk@v0.50.10/x/slashing/module.go:230)
  Registering resolver for simple type keeper.Keeper
  Found resolver for appmodule.AppModule: *depinject.onePerModuleResolver
  Registering resolver for one-per-module type types.StakingHooksWrapper
  Found resolver for types.StakingHooksWrapper: *depinject.onePerModuleResolver
 Registering github.com/cosmos/cosmos-sdk/x/params.ProvideModule (/Users/avery/go/1.20.0/pkg/mod/github.com/cosmos/cosmos-sdk@v0.50.10/x/params/module.go:129)
  Registering resolver for simple type keeper.Keeper
  Found resolver for appmodule.AppModule: *depinject.onePerModuleResolver
  Registering resolver for many-per-container type v1beta1.HandlerRoute
  Found resolver for v1beta1.HandlerRoute: *depinject.groupResolver
 Registering resolver for one-per-module type types.KeyTable
 Registering module-scoped provider: github.com/cosmos/cosmos-sdk/x/params.ProvideSubspace (/Users/avery/go/1.20.0/pkg/mod/github.com/cosmos/cosmos-sdk@v0.50.10/x/params/module.go:146)
  Registering resolver for module-scoped type types.Subspace
 Implicitly registering resolver keeper.BaseKeeper for interface type types.BankKeeper
 Implicitly registering resolver keeper.BaseKeeper for interface type tx.BankKeeper
 Implicitly registering resolver keeper.AccountKeeper for interface type ante.AccountKeeper
 Registering github.com/cosmos/cosmos-sdk/x/auth/tx/config.ProvideModule (/Users/avery/go/1.20.0/pkg/mod/github.com/cosmos/cosmos-sdk@v0.50.10/x/auth/tx/config/config.go:70)
  Registering resolver for simple type client.TxConfig
  Registering resolver for simple type tx.ConfigOptions
  Registering resolver for many-per-container type runtime.BaseAppOption
  Found resolver for runtime.BaseAppOption: *depinject.groupResolver
 Registering github.com/cosmos/cosmos-sdk/x/auth/tx/config.ProvideProtoRegistry (/Users/avery/go/1.20.0/pkg/mod/github.com/cosmos/cosmos-sdk@v0.50.10/x/auth/tx/config/config.go:67)
  Registering resolver for simple type signing.ProtoFileResolver
 Implicitly registering resolver keeper.AccountKeeper for interface type types.AccountKeeper
 Implicitly registering resolver *keeper.Keeper for interface type types.StakingKeeper
 Registering github.com/cosmos/cosmos-sdk/x/genutil.ProvideModule (/Users/avery/go/1.20.0/pkg/mod/github.com/cosmos/cosmos-sdk@v0.50.10/x/genutil/module.go:138)
  Found resolver for appmodule.AppModule: *depinject.onePerModuleResolver
 Implicitly registering resolver keeper.AccountKeeper for interface type authz.AccountKeeper
 Implicitly registering resolver keeper.BaseKeeper for interface type authz.BankKeeper
 Implicitly registering resolver *baseapp.MsgServiceRouter for interface type baseapp.MessageRouter
 Registering github.com/cosmos/cosmos-sdk/x/authz/module.ProvideModule (/Users/avery/go/1.20.0/pkg/mod/github.com/cosmos/cosmos-sdk@v0.50.10/x/authz/module/module.go:178)
  Registering resolver for simple type keeper.Keeper
  Found resolver for appmodule.AppModule: *depinject.onePerModuleResolver
 Registering cosmossdk.io/x/upgrade.ProvideModule (/Users/avery/go/1.20.0/pkg/mod/cosmossdk.io/x/upgrade@v0.1.4/module.go:196)
  Registering resolver for simple type *keeper.Keeper
  Found resolver for appmodule.AppModule: *depinject.onePerModuleResolver
  Found resolver for runtime.BaseAppOption: *depinject.groupResolver
 Implicitly registering resolver keeper.AccountKeeper for interface type types.AccountKeeper
 Implicitly registering resolver keeper.BaseKeeper for interface type types.BankKeeper
 Implicitly registering resolver *keeper.Keeper for interface type types.StakingKeeper
 Implicitly registering resolver types.Subspace for interface type exported.Subspace
 Registering github.com/cosmos/cosmos-sdk/x/distribution.ProvideModule (/Users/avery/go/1.20.0/pkg/mod/github.com/cosmos/cosmos-sdk@v0.50.10/x/distribution/module.go:232)
  Registering resolver for simple type keeper.Keeper
  Found resolver for appmodule.AppModule: *depinject.onePerModuleResolver
  Found resolver for types.StakingHooksWrapper: *depinject.onePerModuleResolver
 Implicitly registering resolver *keeper.Keeper for interface type types.StakingKeeper
 Implicitly registering resolver keeper.Keeper for interface type types.SlashingKeeper
 Registering cosmossdk.io/x/evidence.ProvideModule (/Users/avery/go/1.20.0/pkg/mod/cosmossdk.io/x/evidence@v0.1.1/module.go:210)
  Registering resolver for simple type keeper.Keeper
  Found resolver for appmodule.AppModule: *depinject.onePerModuleResolver
 Implicitly registering resolver types.Subspace for interface type exported.Subspace
 Implicitly registering resolver keeper.AccountKeeper for interface type types.AccountKeeper
 Implicitly registering resolver keeper.BaseKeeper for interface type types.BankKeeper
 Implicitly registering resolver *keeper.Keeper for interface type types.StakingKeeper
 Registering github.com/cosmos/cosmos-sdk/x/mint.ProvideModule (/Users/avery/go/1.20.0/pkg/mod/github.com/cosmos/cosmos-sdk@v0.50.10/x/mint/module.go:221)
  Registering resolver for simple type keeper.Keeper
  Found resolver for appmodule.AppModule: *depinject.onePerModuleResolver
 Implicitly registering resolver keeper.AccountKeeper for interface type group.AccountKeeper
 Implicitly registering resolver keeper.BaseKeeper for interface type group.BankKeeper
 Registering github.com/cosmos/cosmos-sdk/x/group/module.ProvideModule (/Users/avery/go/1.20.0/pkg/mod/github.com/cosmos/cosmos-sdk@v0.50.10/x/group/module/module.go:208)
  Registering resolver for simple type keeper.Keeper
  Found resolver for appmodule.AppModule: *depinject.onePerModuleResolver
 Implicitly registering resolver keeper.AccountKeeper for interface type feegrant.AccountKeeper
 Implicitly registering resolver keeper.BaseKeeper for interface type feegrant.BankKeeper
 Registering cosmossdk.io/x/feegrant/module.ProvideModule (/Users/avery/go/1.20.0/pkg/mod/cosmossdk.io/x/feegrant@v0.1.1/module/module.go:184)
  Registering resolver for simple type keeper.Keeper
  Found resolver for appmodule.AppModule: *depinject.onePerModuleResolver
 Implicitly registering resolver keeper.AccountKeeper for interface type types.AccountKeeper
 Implicitly registering resolver keeper.BaseKeeper for interface type types.BankKeeper
 Implicitly registering resolver *keeper.Keeper for interface type types.StakingKeeper
 Implicitly registering resolver keeper.Keeper for interface type types.DistributionKeeper
 Implicitly registering resolver types.Subspace for interface type types.ParamSubspace
 Registering github.com/cosmos/cosmos-sdk/x/gov.ProvideModule (/Users/avery/go/1.20.0/pkg/mod/github.com/cosmos/cosmos-sdk@v0.50.10/x/gov/module.go:189)
  Found resolver for appmodule.AppModule: *depinject.onePerModuleResolver
  Registering resolver for simple type *keeper.Keeper
  Found resolver for v1beta1.HandlerRoute: *depinject.groupResolver
 Registering github.com/cosmos/cosmos-sdk/x/gov.ProvideKeyTable (/Users/avery/go/1.20.0/pkg/mod/github.com/cosmos/cosmos-sdk@v0.50.10/x/gov/module.go:218)
  Found resolver for types.KeyTable: *depinject.onePerModuleResolver
 Implicitly registering resolver keeper.BaseKeeper for interface type types.SupplyKeeper
 Implicitly registering resolver types.Subspace for interface type exported.Subspace
 Registering github.com/cosmos/cosmos-sdk/x/crisis.ProvideModule (/Users/avery/go/1.20.0/pkg/mod/github.com/cosmos/cosmos-sdk@v0.50.10/x/crisis/module.go:197)
  Found resolver for appmodule.AppModule: *depinject.onePerModuleResolver
  Registering resolver for simple type *keeper.Keeper
 Registering github.com/cosmos/cosmos-sdk/x/consensus.ProvideModule (/Users/avery/go/1.20.0/pkg/mod/github.com/cosmos/cosmos-sdk@v0.50.10/x/consensus/module.go:117)
  Registering resolver for simple type keeper.Keeper
  Found resolver for appmodule.AppModule: *depinject.onePerModuleResolver
  Found resolver for runtime.BaseAppOption: *depinject.groupResolver
 Implicitly registering resolver keeper.AccountKeeper for interface type types.AccountKeeper
 Implicitly registering resolver keeper.BaseKeeper for interface type types.BankKeeper
 Registering mods.irisnet.org/modules/coinswap.ProvideModule (/Users/avery/irismod/modules/coinswap/depinject.go:64)
  Registering resolver for simple type keeper.Keeper
  Found resolver for appmodule.AppModule: *depinject.onePerModuleResolver
 Registering mods.irisnet.org/modules/coinswap.ProvideKeyTable (/Users/avery/irismod/modules/coinswap/depinject.go:25)
  Found resolver for types.KeyTable: *depinject.onePerModuleResolver
 Implicitly registering resolver keeper.AccountKeeper for interface type types.AccountKeeper
 Implicitly registering resolver keeper.BaseKeeper for interface type types.BankKeeper
 Implicitly registering resolver keeper.Keeper for interface type types.CoinswapKeeper
 Implicitly registering resolver types.Subspace for interface type types.Subspace
 Registering mods.irisnet.org/modules/farm.ProvideModule (/Users/avery/irismod/modules/farm/depinject.go:70)
  Registering resolver for simple type keeper.Keeper
  Found resolver for appmodule.AppModule: *depinject.onePerModuleResolver
 Registering mods.irisnet.org/modules/farm.ProvideKeyTable (/Users/avery/irismod/modules/farm/depinject.go:28)
  Found resolver for types.KeyTable: *depinject.onePerModuleResolver
 Implicitly registering resolver keeper.AccountKeeper for interface type types.AccountKeeper
 Implicitly registering resolver keeper.BaseKeeper for interface type types.BankKeeper
 Implicitly registering resolver types.Subspace for interface type types.Subspace
 Registering mods.irisnet.org/modules/htlc.ProvideModule (/Users/avery/irismod/modules/htlc/depinject.go:66)
  Registering resolver for simple type keeper.Keeper
  Found resolver for appmodule.AppModule: *depinject.onePerModuleResolver
 Registering mods.irisnet.org/modules/htlc.ProvideKeyTable (/Users/avery/irismod/modules/htlc/depinject.go:27)
  Found resolver for types.KeyTable: *depinject.onePerModuleResolver
 Implicitly registering resolver keeper.AccountKeeper for interface type types.AccountKeeper
 Implicitly registering resolver keeper.BaseKeeper for interface type types.BankKeeper
 Registering mods.irisnet.org/modules/mt.ProvideModule (/Users/avery/irismod/modules/mt/depinject.go:56)
  Registering resolver for simple type keeper.Keeper
  Found resolver for appmodule.AppModule: *depinject.onePerModuleResolver
 Implicitly registering resolver keeper.AccountKeeper for interface type types.AccountKeeper
 Implicitly registering resolver keeper.BaseKeeper for interface type types.BankKeeper
 Registering mods.irisnet.org/modules/nft.ProvideModule (/Users/avery/irismod/modules/nft/depinject.go:52)
  Registering resolver for simple type keeper.Keeper
  Found resolver for appmodule.AppModule: *depinject.onePerModuleResolver
 Implicitly registering resolver keeper.AccountKeeper for interface type types.AccountKeeper
 Implicitly registering resolver keeper.BaseKeeper for interface type types.BankKeeper
 Registering mods.irisnet.org/modules/oracle.ProvideModule (/Users/avery/irismod/modules/oracle/depinject.go:57)
  Registering resolver for simple type keeper.Keeper
  Found resolver for appmodule.AppModule: *depinject.onePerModuleResolver
 Implicitly registering resolver keeper.AccountKeeper for interface type types.AccountKeeper
 Implicitly registering resolver keeper.BaseKeeper for interface type types.BankKeeper
 Implicitly registering resolver types.Subspace for interface type types.Subspace
 Registering mods.irisnet.org/modules/service.ProvideModule (/Users/avery/irismod/modules/service/depinject.go:70)
  Registering resolver for simple type keeper.Keeper
  Found resolver for appmodule.AppModule: *depinject.onePerModuleResolver
 Registering mods.irisnet.org/modules/service.ProvideKeyTable (/Users/avery/irismod/modules/service/depinject.go:31)
  Found resolver for types.KeyTable: *depinject.onePerModuleResolver
 Implicitly registering resolver keeper.AccountKeeper for interface type types.AccountKeeper
 Implicitly registering resolver keeper.BaseKeeper for interface type types.BankKeeper
 Implicitly registering resolver keeper.Keeper for interface type types.ServiceKeeper
 Registering mods.irisnet.org/modules/random.ProvideModule (/Users/avery/irismod/modules/random/depinject.go:55)
  Registering resolver for simple type keeper.Keeper
  Found resolver for appmodule.AppModule: *depinject.onePerModuleResolver
 Implicitly registering resolver keeper.AccountKeeper for interface type types.AccountKeeper
 Implicitly registering resolver keeper.BaseKeeper for interface type types.BankKeeper
 Registering mods.irisnet.org/modules/record.ProvideModule (/Users/avery/irismod/modules/record/depinject.go:53)
  Registering resolver for simple type keeper.Keeper
  Found resolver for appmodule.AppModule: *depinject.onePerModuleResolver
 Implicitly registering resolver keeper.AccountKeeper for interface type types.AccountKeeper
 Implicitly registering resolver keeper.BaseKeeper for interface type types.BankKeeper
 Implicitly registering resolver types.Subspace for interface type types.Subspace
 Registering mods.irisnet.org/modules/token.ProvideModule (/Users/avery/irismod/modules/token/depinject.go:66)
  Registering resolver for simple type keeper.Keeper
  Found resolver for appmodule.AppModule: *depinject.onePerModuleResolver
 Registering mods.irisnet.org/modules/token.ProvideKeyTable (/Users/avery/irismod/modules/token/depinject.go:26)
  Found resolver for types.KeyTable: *depinject.onePerModuleResolver
Registering outputs
 Registering mods.irisnet.org/simapp.NewConfig (/Users/avery/irismod/simapp/test_helpers.go:172)
Building container
Resolving dependencies for mods.irisnet.org/simapp.NewConfig (/Users/avery/irismod/simapp/test_helpers.go:172)
 Providing *runtime.AppBuilder from github.com/cosmos/cosmos-sdk/runtime.ProvideApp (/Users/avery/go/1.20.0/pkg/mod/github.com/cosmos/cosmos-sdk@v0.50.10/runtime/module.go:84) to mods.irisnet.org/simapp.NewConfig
 Resolving dependencies for github.com/cosmos/cosmos-sdk/runtime.ProvideApp (/Users/avery/go/1.20.0/pkg/mod/github.com/cosmos/cosmos-sdk@v0.50.10/runtime/module.go:84)
  Providing types.InterfaceRegistry from github.com/cosmos/cosmos-sdk/runtime.ProvideInterfaceRegistry (/Users/avery/go/1.20.0/pkg/mod/github.com/cosmos/cosmos-sdk@v0.50.10/runtime/module.go:164) to github.com/cosmos/cosmos-sdk/runtime.ProvideApp
  Resolving dependencies for github.com/cosmos/cosmos-sdk/runtime.ProvideInterfaceRegistry (/Users/avery/go/1.20.0/pkg/mod/github.com/cosmos/cosmos-sdk@v0.50.10/runtime/module.go:164)
   Providing address.Codec from github.com/cosmos/cosmos-sdk/runtime.ProvideAddressCodec (/Users/avery/go/1.20.0/pkg/mod/github.com/cosmos/cosmos-sdk@v0.50.10/runtime/module.go:284) to github.com/cosmos/cosmos-sdk/runtime.ProvideInterfaceRegistry
   Resolving dependencies for github.com/cosmos/cosmos-sdk/runtime.ProvideAddressCodec (/Users/avery/go/1.20.0/pkg/mod/github.com/cosmos/cosmos-sdk@v0.50.10/runtime/module.go:284)
    Supplying *modulev1.Module from cosmossdk.io/depinject/appconfig.Compose (/Users/avery/go/1.20.0/pkg/mod/cosmossdk.io/depinject@v1.0.0/appconfig/config.go:144) to github.com/cosmos/cosmos-sdk/runtime.ProvideAddressCodec
    Supplying *modulev1.Module from cosmossdk.io/depinject/appconfig.Compose (/Users/avery/go/1.20.0/pkg/mod/cosmossdk.io/depinject@v1.0.0/appconfig/config.go:144) to github.com/cosmos/cosmos-sdk/runtime.ProvideAddressCodec
    Providing zero value for optional dependency func() address.Codec
    Providing zero value for optional dependency func() runtime.ValidatorAddressCodec
    Providing zero value for optional dependency func() runtime.ConsensusAddressCodec
   Calling github.com/cosmos/cosmos-sdk/runtime.ProvideAddressCodec (/Users/avery/go/1.20.0/pkg/mod/github.com/cosmos/cosmos-sdk@v0.50.10/runtime/module.go:284)
   Providing runtime.ValidatorAddressCodec from github.com/cosmos/cosmos-sdk/runtime.ProvideAddressCodec (/Users/avery/go/1.20.0/pkg/mod/github.com/cosmos/cosmos-sdk@v0.50.10/runtime/module.go:284) to github.com/cosmos/cosmos-sdk/runtime.ProvideInterfaceRegistry
   Providing many-per-container type slice []signing.CustomGetSigner to github.com/cosmos/cosmos-sdk/runtime.ProvideInterfaceRegistry from:
  Calling github.com/cosmos/cosmos-sdk/runtime.ProvideInterfaceRegistry (/Users/avery/go/1.20.0/pkg/mod/github.com/cosmos/cosmos-sdk@v0.50.10/runtime/module.go:164)
 Calling github.com/cosmos/cosmos-sdk/runtime.ProvideApp (/Users/avery/go/1.20.0/pkg/mod/github.com/cosmos/cosmos-sdk@v0.50.10/runtime/module.go:84)
 Providing client.TxConfig from github.com/cosmos/cosmos-sdk/x/auth/tx/config.ProvideModule (/Users/avery/go/1.20.0/pkg/mod/github.com/cosmos/cosmos-sdk@v0.50.10/x/auth/tx/config/config.go:70) to mods.irisnet.org/simapp.NewConfig
 Resolving dependencies for github.com/cosmos/cosmos-sdk/x/auth/tx/config.ProvideModule (/Users/avery/go/1.20.0/pkg/mod/github.com/cosmos/cosmos-sdk@v0.50.10/x/auth/tx/config/config.go:70)
  Supplying *configv1.Config from cosmossdk.io/depinject/appconfig.Compose (/Users/avery/go/1.20.0/pkg/mod/cosmossdk.io/depinject@v1.0.0/appconfig/config.go:144) to github.com/cosmos/cosmos-sdk/x/auth/tx/config.ProvideModule
  Providing address.Codec from github.com/cosmos/cosmos-sdk/runtime.ProvideAddressCodec (/Users/avery/go/1.20.0/pkg/mod/github.com/cosmos/cosmos-sdk@v0.50.10/runtime/module.go:284) to github.com/cosmos/cosmos-sdk/x/auth/tx/config.ProvideModule
  Providing runtime.ValidatorAddressCodec from github.com/cosmos/cosmos-sdk/runtime.ProvideAddressCodec (/Users/avery/go/1.20.0/pkg/mod/github.com/cosmos/cosmos-sdk@v0.50.10/runtime/module.go:284) to github.com/cosmos/cosmos-sdk/x/auth/tx/config.ProvideModule
  Providing codec.Codec from github.com/cosmos/cosmos-sdk/runtime.ProvideApp (/Users/avery/go/1.20.0/pkg/mod/github.com/cosmos/cosmos-sdk@v0.50.10/runtime/module.go:84) to github.com/cosmos/cosmos-sdk/x/auth/tx/config.ProvideModule
  Providing signing.ProtoFileResolver from github.com/cosmos/cosmos-sdk/x/auth/tx/config.ProvideProtoRegistry (/Users/avery/go/1.20.0/pkg/mod/github.com/cosmos/cosmos-sdk@v0.50.10/x/auth/tx/config/config.go:67) to github.com/cosmos/cosmos-sdk/x/auth/tx/config.ProvideModule
  Resolving dependencies for github.com/cosmos/cosmos-sdk/x/auth/tx/config.ProvideProtoRegistry (/Users/avery/go/1.20.0/pkg/mod/github.com/cosmos/cosmos-sdk@v0.50.10/x/auth/tx/config/config.go:67)
  Calling github.com/cosmos/cosmos-sdk/x/auth/tx/config.ProvideProtoRegistry (/Users/avery/go/1.20.0/pkg/mod/github.com/cosmos/cosmos-sdk@v0.50.10/x/auth/tx/config/config.go:67)
  Providing keeper.BaseKeeper from github.com/cosmos/cosmos-sdk/x/bank.ProvideModule (/Users/avery/go/1.20.0/pkg/mod/github.com/cosmos/cosmos-sdk@v0.50.10/x/bank/module.go:227) to github.com/cosmos/cosmos-sdk/x/auth/tx/config.ProvideModule
  Resolving dependencies for github.com/cosmos/cosmos-sdk/x/bank.ProvideModule (/Users/avery/go/1.20.0/pkg/mod/github.com/cosmos/cosmos-sdk@v0.50.10/x/bank/module.go:227)
   Supplying *modulev1.Module from cosmossdk.io/depinject/appconfig.Compose (/Users/avery/go/1.20.0/pkg/mod/cosmossdk.io/depinject@v1.0.0/appconfig/config.go:144) to github.com/cosmos/cosmos-sdk/x/bank.ProvideModule
   Providing codec.Codec from github.com/cosmos/cosmos-sdk/runtime.ProvideApp (/Users/avery/go/1.20.0/pkg/mod/github.com/cosmos/cosmos-sdk@v0.50.10/runtime/module.go:84) to github.com/cosmos/cosmos-sdk/x/bank.ProvideModule
   Providing store.KVStoreService from github.com/cosmos/cosmos-sdk/runtime.ProvideKVStoreService (/Users/avery/go/1.20.0/pkg/mod/github.com/cosmos/cosmos-sdk@v0.50.10/runtime/module.go:232) to github.com/cosmos/cosmos-sdk/x/bank.ProvideModule
   Resolving dependencies for github.com/cosmos/cosmos-sdk/runtime.ProvideKVStoreService (/Users/avery/go/1.20.0/pkg/mod/github.com/cosmos/cosmos-sdk@v0.50.10/runtime/module.go:232)
    Supplying *runtimev1alpha1.Module from cosmossdk.io/depinject/appconfig.Compose (/Users/avery/go/1.20.0/pkg/mod/cosmossdk.io/depinject@v1.0.0/appconfig/config.go:144) to github.com/cosmos/cosmos-sdk/runtime.ProvideKVStoreService
    Providing ModuleKey bank
    Providing *runtime.AppBuilder from github.com/cosmos/cosmos-sdk/runtime.ProvideApp (/Users/avery/go/1.20.0/pkg/mod/github.com/cosmos/cosmos-sdk@v0.50.10/runtime/module.go:84) to github.com/cosmos/cosmos-sdk/runtime.ProvideKVStoreService
   Calling github.com/cosmos/cosmos-sdk/runtime.ProvideKVStoreService (/Users/avery/go/1.20.0/pkg/mod/github.com/cosmos/cosmos-sdk@v0.50.10/runtime/module.go:232)
   Implicitly registering resolver log.nopLogger for interface type log.Logger
   Supplying log.nopLogger from mods.irisnet.org/simapp.NewConfig (/Users/avery/irismod/simapp/test_helpers.go:175) to github.com/cosmos/cosmos-sdk/x/bank.ProvideModule
   Providing keeper.AccountKeeper from github.com/cosmos/cosmos-sdk/x/auth.ProvideModule (/Users/avery/go/1.20.0/pkg/mod/github.com/cosmos/cosmos-sdk@v0.50.10/x/auth/module.go:209) to github.com/cosmos/cosmos-sdk/x/bank.ProvideModule
   Resolving dependencies for github.com/cosmos/cosmos-sdk/x/auth.ProvideModule (/Users/avery/go/1.20.0/pkg/mod/github.com/cosmos/cosmos-sdk@v0.50.10/x/auth/module.go:209)
    Supplying *modulev1.Module from cosmossdk.io/depinject/appconfig.Compose (/Users/avery/go/1.20.0/pkg/mod/cosmossdk.io/depinject@v1.0.0/appconfig/config.go:144) to github.com/cosmos/cosmos-sdk/x/auth.ProvideModule
    Providing store.KVStoreService from github.com/cosmos/cosmos-sdk/runtime.ProvideKVStoreService (/Users/avery/go/1.20.0/pkg/mod/github.com/cosmos/cosmos-sdk@v0.50.10/runtime/module.go:232) to github.com/cosmos/cosmos-sdk/x/auth.ProvideModule
    Resolving dependencies for github.com/cosmos/cosmos-sdk/runtime.ProvideKVStoreService (/Users/avery/go/1.20.0/pkg/mod/github.com/cosmos/cosmos-sdk@v0.50.10/runtime/module.go:232)
     Supplying *runtimev1alpha1.Module from cosmossdk.io/depinject/appconfig.Compose (/Users/avery/go/1.20.0/pkg/mod/cosmossdk.io/depinject@v1.0.0/appconfig/config.go:144) to github.com/cosmos/cosmos-sdk/runtime.ProvideKVStoreService
     Providing ModuleKey auth
     Providing *runtime.AppBuilder from github.com/cosmos/cosmos-sdk/runtime.ProvideApp (/Users/avery/go/1.20.0/pkg/mod/github.com/cosmos/cosmos-sdk@v0.50.10/runtime/module.go:84) to github.com/cosmos/cosmos-sdk/runtime.ProvideKVStoreService
    Calling github.com/cosmos/cosmos-sdk/runtime.ProvideKVStoreService (/Users/avery/go/1.20.0/pkg/mod/github.com/cosmos/cosmos-sdk@v0.50.10/runtime/module.go:232)
    Providing codec.Codec from github.com/cosmos/cosmos-sdk/runtime.ProvideApp (/Users/avery/go/1.20.0/pkg/mod/github.com/cosmos/cosmos-sdk@v0.50.10/runtime/module.go:84) to github.com/cosmos/cosmos-sdk/x/auth.ProvideModule
    Providing address.Codec from github.com/cosmos/cosmos-sdk/runtime.ProvideAddressCodec (/Users/avery/go/1.20.0/pkg/mod/github.com/cosmos/cosmos-sdk@v0.50.10/runtime/module.go:284) to github.com/cosmos/cosmos-sdk/x/auth.ProvideModule
    Providing zero value for optional dependency types.RandomGenesisAccountsFn
    Providing zero value for optional dependency func() types.AccountI
    Implicitly registering resolver types.Subspace for interface type exported.Subspace
    Providing types.Subspace from github.com/cosmos/cosmos-sdk/x/params.ProvideSubspace (/Users/avery/go/1.20.0/pkg/mod/github.com/cosmos/cosmos-sdk@v0.50.10/x/params/module.go:146) to github.com/cosmos/cosmos-sdk/x/auth.ProvideModule
    Resolving dependencies for github.com/cosmos/cosmos-sdk/x/params.ProvideSubspace (/Users/avery/go/1.20.0/pkg/mod/github.com/cosmos/cosmos-sdk@v0.50.10/x/params/module.go:146)
     Providing ModuleKey auth
     Providing keeper.Keeper from github.com/cosmos/cosmos-sdk/x/params.ProvideModule (/Users/avery/go/1.20.0/pkg/mod/github.com/cosmos/cosmos-sdk@v0.50.10/x/params/module.go:129) to github.com/cosmos/cosmos-sdk/x/params.ProvideSubspace
     Resolving dependencies for github.com/cosmos/cosmos-sdk/x/params.ProvideModule (/Users/avery/go/1.20.0/pkg/mod/github.com/cosmos/cosmos-sdk@v0.50.10/x/params/module.go:129)
      Providing *types.KVStoreKey from github.com/cosmos/cosmos-sdk/runtime.ProvideKVStoreKey (/Users/avery/go/1.20.0/pkg/mod/github.com/cosmos/cosmos-sdk@v0.50.10/runtime/module.go:201) to github.com/cosmos/cosmos-sdk/x/params.ProvideModule
      Resolving dependencies for github.com/cosmos/cosmos-sdk/runtime.ProvideKVStoreKey (/Users/avery/go/1.20.0/pkg/mod/github.com/cosmos/cosmos-sdk@v0.50.10/runtime/module.go:201)
       Supplying *runtimev1alpha1.Module from cosmossdk.io/depinject/appconfig.Compose (/Users/avery/go/1.20.0/pkg/mod/cosmossdk.io/depinject@v1.0.0/appconfig/config.go:144) to github.com/cosmos/cosmos-sdk/runtime.ProvideKVStoreKey
       Providing ModuleKey params
       Providing *runtime.AppBuilder from github.com/cosmos/cosmos-sdk/runtime.ProvideApp (/Users/avery/go/1.20.0/pkg/mod/github.com/cosmos/cosmos-sdk@v0.50.10/runtime/module.go:84) to github.com/cosmos/cosmos-sdk/runtime.ProvideKVStoreKey
      Calling github.com/cosmos/cosmos-sdk/runtime.ProvideKVStoreKey (/Users/avery/go/1.20.0/pkg/mod/github.com/cosmos/cosmos-sdk@v0.50.10/runtime/module.go:201)
      Providing *types.TransientStoreKey from github.com/cosmos/cosmos-sdk/runtime.ProvideTransientStoreKey (/Users/avery/go/1.20.0/pkg/mod/github.com/cosmos/cosmos-sdk@v0.50.10/runtime/module.go:216) to github.com/cosmos/cosmos-sdk/x/params.ProvideModule
      Resolving dependencies for github.com/cosmos/cosmos-sdk/runtime.ProvideTransientStoreKey (/Users/avery/go/1.20.0/pkg/mod/github.com/cosmos/cosmos-sdk@v0.50.10/runtime/module.go:216)
       Providing ModuleKey params
       Providing *runtime.AppBuilder from github.com/cosmos/cosmos-sdk/runtime.ProvideApp (/Users/avery/go/1.20.0/pkg/mod/github.com/cosmos/cosmos-sdk@v0.50.10/runtime/module.go:84) to github.com/cosmos/cosmos-sdk/runtime.ProvideTransientStoreKey
      Calling github.com/cosmos/cosmos-sdk/runtime.ProvideTransientStoreKey (/Users/avery/go/1.20.0/pkg/mod/github.com/cosmos/cosmos-sdk@v0.50.10/runtime/module.go:216)
      Providing codec.Codec from github.com/cosmos/cosmos-sdk/runtime.ProvideApp (/Users/avery/go/1.20.0/pkg/mod/github.com/cosmos/cosmos-sdk@v0.50.10/runtime/module.go:84) to github.com/cosmos/cosmos-sdk/x/params.ProvideModule
      Providing *codec.LegacyAmino from github.com/cosmos/cosmos-sdk/runtime.ProvideApp (/Users/avery/go/1.20.0/pkg/mod/github.com/cosmos/cosmos-sdk@v0.50.10/runtime/module.go:84) to github.com/cosmos/cosmos-sdk/x/params.ProvideModule
     Calling github.com/cosmos/cosmos-sdk/x/params.ProvideModule (/Users/avery/go/1.20.0/pkg/mod/github.com/cosmos/cosmos-sdk@v0.50.10/x/params/module.go:129)
     Providing one-per-module type map map[string]types.KeyTable to github.com/cosmos/cosmos-sdk/x/params.ProvideSubspace from:
      token: mods.irisnet.org/modules/token.ProvideKeyTable (/Users/avery/irismod/modules/token/depinject.go:26)
      gov: github.com/cosmos/cosmos-sdk/x/gov.ProvideKeyTable (/Users/avery/go/1.20.0/pkg/mod/github.com/cosmos/cosmos-sdk@v0.50.10/x/gov/module.go:218)
      coinswap: mods.irisnet.org/modules/coinswap.ProvideKeyTable (/Users/avery/irismod/modules/coinswap/depinject.go:25)
      farm: mods.irisnet.org/modules/farm.ProvideKeyTable (/Users/avery/irismod/modules/farm/depinject.go:28)
      htlc: mods.irisnet.org/modules/htlc.ProvideKeyTable (/Users/avery/irismod/modules/htlc/depinject.go:27)
      service: mods.irisnet.org/modules/service.ProvideKeyTable (/Users/avery/irismod/modules/service/depinject.go:31)
     Resolving dependencies for mods.irisnet.org/modules/htlc.ProvideKeyTable (/Users/avery/irismod/modules/htlc/depinject.go:27)
     Calling mods.irisnet.org/modules/htlc.ProvideKeyTable (/Users/avery/irismod/modules/htlc/depinject.go:27)
     Resolving dependencies for mods.irisnet.org/modules/service.ProvideKeyTable (/Users/avery/irismod/modules/service/depinject.go:31)
     Calling mods.irisnet.org/modules/service.ProvideKeyTable (/Users/avery/irismod/modules/service/depinject.go:31)
     Resolving dependencies for mods.irisnet.org/modules/token.ProvideKeyTable (/Users/avery/irismod/modules/token/depinject.go:26)
     Calling mods.irisnet.org/modules/token.ProvideKeyTable (/Users/avery/irismod/modules/token/depinject.go:26)
     Resolving dependencies for github.com/cosmos/cosmos-sdk/x/gov.ProvideKeyTable (/Users/avery/go/1.20.0/pkg/mod/github.com/cosmos/cosmos-sdk@v0.50.10/x/gov/module.go:218)
     Calling github.com/cosmos/cosmos-sdk/x/gov.ProvideKeyTable (/Users/avery/go/1.20.0/pkg/mod/github.com/cosmos/cosmos-sdk@v0.50.10/x/gov/module.go:218)
     Resolving dependencies for mods.irisnet.org/modules/coinswap.ProvideKeyTable (/Users/avery/irismod/modules/coinswap/depinject.go:25)
     Calling mods.irisnet.org/modules/coinswap.ProvideKeyTable (/Users/avery/irismod/modules/coinswap/depinject.go:25)
     Resolving dependencies for mods.irisnet.org/modules/farm.ProvideKeyTable (/Users/avery/irismod/modules/farm/depinject.go:28)
     Calling mods.irisnet.org/modules/farm.ProvideKeyTable (/Users/avery/irismod/modules/farm/depinject.go:28)
    Calling github.com/cosmos/cosmos-sdk/x/params.ProvideSubspace (/Users/avery/go/1.20.0/pkg/mod/github.com/cosmos/cosmos-sdk@v0.50.10/x/params/module.go:146)
   Calling github.com/cosmos/cosmos-sdk/x/auth.ProvideModule (/Users/avery/go/1.20.0/pkg/mod/github.com/cosmos/cosmos-sdk@v0.50.10/x/auth/module.go:209)
   Implicitly registering resolver types.Subspace for interface type exported.Subspace
   Providing types.Subspace from github.com/cosmos/cosmos-sdk/x/params.ProvideSubspace (/Users/avery/go/1.20.0/pkg/mod/github.com/cosmos/cosmos-sdk@v0.50.10/x/params/module.go:146) to github.com/cosmos/cosmos-sdk/x/bank.ProvideModule
   Resolving dependencies for github.com/cosmos/cosmos-sdk/x/params.ProvideSubspace (/Users/avery/go/1.20.0/pkg/mod/github.com/cosmos/cosmos-sdk@v0.50.10/x/params/module.go:146)
    Providing ModuleKey bank
    Providing keeper.Keeper from github.com/cosmos/cosmos-sdk/x/params.ProvideModule (/Users/avery/go/1.20.0/pkg/mod/github.com/cosmos/cosmos-sdk@v0.50.10/x/params/module.go:129) to github.com/cosmos/cosmos-sdk/x/params.ProvideSubspace
    Providing one-per-module type map map[string]types.KeyTable to github.com/cosmos/cosmos-sdk/x/params.ProvideSubspace from:
     gov: github.com/cosmos/cosmos-sdk/x/gov.ProvideKeyTable (/Users/avery/go/1.20.0/pkg/mod/github.com/cosmos/cosmos-sdk@v0.50.10/x/gov/module.go:218)
     coinswap: mods.irisnet.org/modules/coinswap.ProvideKeyTable (/Users/avery/irismod/modules/coinswap/depinject.go:25)
     farm: mods.irisnet.org/modules/farm.ProvideKeyTable (/Users/avery/irismod/modules/farm/depinject.go:28)
     htlc: mods.irisnet.org/modules/htlc.ProvideKeyTable (/Users/avery/irismod/modules/htlc/depinject.go:27)
     service: mods.irisnet.org/modules/service.ProvideKeyTable (/Users/avery/irismod/modules/service/depinject.go:31)
     token: mods.irisnet.org/modules/token.ProvideKeyTable (/Users/avery/irismod/modules/token/depinject.go:26)
   Calling github.com/cosmos/cosmos-sdk/x/params.ProvideSubspace (/Users/avery/go/1.20.0/pkg/mod/github.com/cosmos/cosmos-sdk@v0.50.10/x/params/module.go:146)
  Calling github.com/cosmos/cosmos-sdk/x/bank.ProvideModule (/Users/avery/go/1.20.0/pkg/mod/github.com/cosmos/cosmos-sdk@v0.50.10/x/bank/module.go:227)
  Providing keeper.BaseKeeper from github.com/cosmos/cosmos-sdk/x/bank.ProvideModule (/Users/avery/go/1.20.0/pkg/mod/github.com/cosmos/cosmos-sdk@v0.50.10/x/bank/module.go:227) to github.com/cosmos/cosmos-sdk/x/auth/tx/config.ProvideModule
  Providing keeper.AccountKeeper from github.com/cosmos/cosmos-sdk/x/auth.ProvideModule (/Users/avery/go/1.20.0/pkg/mod/github.com/cosmos/cosmos-sdk@v0.50.10/x/auth/module.go:209) to github.com/cosmos/cosmos-sdk/x/auth/tx/config.ProvideModule
  Implicitly registering resolver keeper.Keeper for interface type ante.FeegrantKeeper
  Providing keeper.Keeper from cosmossdk.io/x/feegrant/module.ProvideModule (/Users/avery/go/1.20.0/pkg/mod/cosmossdk.io/x/feegrant@v0.1.1/module/module.go:184) to github.com/cosmos/cosmos-sdk/x/auth/tx/config.ProvideModule
  Resolving dependencies for cosmossdk.io/x/feegrant/module.ProvideModule (/Users/avery/go/1.20.0/pkg/mod/cosmossdk.io/x/feegrant@v0.1.1/module/module.go:184)
   Providing store.KVStoreService from github.com/cosmos/cosmos-sdk/runtime.ProvideKVStoreService (/Users/avery/go/1.20.0/pkg/mod/github.com/cosmos/cosmos-sdk@v0.50.10/runtime/module.go:232) to cosmossdk.io/x/feegrant/module.ProvideModule
   Resolving dependencies for github.com/cosmos/cosmos-sdk/runtime.ProvideKVStoreService (/Users/avery/go/1.20.0/pkg/mod/github.com/cosmos/cosmos-sdk@v0.50.10/runtime/module.go:232)
    Supplying *runtimev1alpha1.Module from cosmossdk.io/depinject/appconfig.Compose (/Users/avery/go/1.20.0/pkg/mod/cosmossdk.io/depinject@v1.0.0/appconfig/config.go:144) to github.com/cosmos/cosmos-sdk/runtime.ProvideKVStoreService
    Providing ModuleKey feegrant
    Providing *runtime.AppBuilder from github.com/cosmos/cosmos-sdk/runtime.ProvideApp (/Users/avery/go/1.20.0/pkg/mod/github.com/cosmos/cosmos-sdk@v0.50.10/runtime/module.go:84) to github.com/cosmos/cosmos-sdk/runtime.ProvideKVStoreService
   Calling github.com/cosmos/cosmos-sdk/runtime.ProvideKVStoreService (/Users/avery/go/1.20.0/pkg/mod/github.com/cosmos/cosmos-sdk@v0.50.10/runtime/module.go:232)
   Providing codec.Codec from github.com/cosmos/cosmos-sdk/runtime.ProvideApp (/Users/avery/go/1.20.0/pkg/mod/github.com/cosmos/cosmos-sdk@v0.50.10/runtime/module.go:84) to cosmossdk.io/x/feegrant/module.ProvideModule
   Providing keeper.AccountKeeper from github.com/cosmos/cosmos-sdk/x/auth.ProvideModule (/Users/avery/go/1.20.0/pkg/mod/github.com/cosmos/cosmos-sdk@v0.50.10/x/auth/module.go:209) to cosmossdk.io/x/feegrant/module.ProvideModule
   Providing keeper.BaseKeeper from github.com/cosmos/cosmos-sdk/x/bank.ProvideModule (/Users/avery/go/1.20.0/pkg/mod/github.com/cosmos/cosmos-sdk@v0.50.10/x/bank/module.go:227) to cosmossdk.io/x/feegrant/module.ProvideModule
   Providing types.InterfaceRegistry from github.com/cosmos/cosmos-sdk/runtime.ProvideInterfaceRegistry (/Users/avery/go/1.20.0/pkg/mod/github.com/cosmos/cosmos-sdk@v0.50.10/runtime/module.go:164) to cosmossdk.io/x/feegrant/module.ProvideModule
  Calling cosmossdk.io/x/feegrant/module.ProvideModule (/Users/avery/go/1.20.0/pkg/mod/cosmossdk.io/x/feegrant@v0.1.1/module/module.go:184)
  Providing zero value for optional dependency func() []signing.SignModeHandler
  Providing many-per-container type slice []signing.CustomGetSigner to github.com/cosmos/cosmos-sdk/x/auth/tx/config.ProvideModule from:
 Calling github.com/cosmos/cosmos-sdk/x/auth/tx/config.ProvideModule (/Users/avery/go/1.20.0/pkg/mod/github.com/cosmos/cosmos-sdk@v0.50.10/x/auth/tx/config/config.go:70)
 Providing codec.Codec from github.com/cosmos/cosmos-sdk/runtime.ProvideApp (/Users/avery/go/1.20.0/pkg/mod/github.com/cosmos/cosmos-sdk@v0.50.10/runtime/module.go:84) to mods.irisnet.org/simapp.NewConfig
 Providing *codec.LegacyAmino from github.com/cosmos/cosmos-sdk/runtime.ProvideApp (/Users/avery/go/1.20.0/pkg/mod/github.com/cosmos/cosmos-sdk@v0.50.10/runtime/module.go:84) to mods.irisnet.org/simapp.NewConfig
 Providing types.InterfaceRegistry from github.com/cosmos/cosmos-sdk/runtime.ProvideInterfaceRegistry (/Users/avery/go/1.20.0/pkg/mod/github.com/cosmos/cosmos-sdk@v0.50.10/runtime/module.go:164) to mods.irisnet.org/simapp.NewConfig
Calling mods.irisnet.org/simapp.NewConfig (/Users/avery/irismod/simapp/test_helpers.go:172)
Done building container
Calling invokers
Resolving dependencies for github.com/cosmos/cosmos-sdk/runtime.SetupAppBuilder (/Users/avery/go/1.20.0/pkg/mod/github.com/cosmos/cosmos-sdk@v0.50.10/runtime/module.go:141)
 Supplying *appv1alpha1.Config from cosmossdk.io/depinject/appconfig.Compose (/Users/avery/go/1.20.0/pkg/mod/cosmossdk.io/depinject@v1.0.0/appconfig/config.go:88) to github.com/cosmos/cosmos-sdk/runtime.SetupAppBuilder
 Supplying *runtimev1alpha1.Module from cosmossdk.io/depinject/appconfig.Compose (/Users/avery/go/1.20.0/pkg/mod/cosmossdk.io/depinject@v1.0.0/appconfig/config.go:144) to github.com/cosmos/cosmos-sdk/runtime.SetupAppBuilder
 Providing *runtime.AppBuilder from github.com/cosmos/cosmos-sdk/runtime.ProvideApp (/Users/avery/go/1.20.0/pkg/mod/github.com/cosmos/cosmos-sdk@v0.50.10/runtime/module.go:84) to github.com/cosmos/cosmos-sdk/runtime.SetupAppBuilder
 Providing one-per-module type map map[string]appmodule.AppModule to github.com/cosmos/cosmos-sdk/runtime.SetupAppBuilder from:
  genutil: github.com/cosmos/cosmos-sdk/x/genutil.ProvideModule (/Users/avery/go/1.20.0/pkg/mod/github.com/cosmos/cosmos-sdk@v0.50.10/x/genutil/module.go:138)
  nft: mods.irisnet.org/modules/nft.ProvideModule (/Users/avery/irismod/modules/nft/depinject.go:52)
  gov: github.com/cosmos/cosmos-sdk/x/gov.ProvideModule (/Users/avery/go/1.20.0/pkg/mod/github.com/cosmos/cosmos-sdk@v0.50.10/x/gov/module.go:189)
  evidence: cosmossdk.io/x/evidence.ProvideModule (/Users/avery/go/1.20.0/pkg/mod/cosmossdk.io/x/evidence@v0.1.1/module.go:210)
  htlc: mods.irisnet.org/modules/htlc.ProvideModule (/Users/avery/irismod/modules/htlc/depinject.go:66)
  upgrade: cosmossdk.io/x/upgrade.ProvideModule (/Users/avery/go/1.20.0/pkg/mod/cosmossdk.io/x/upgrade@v0.1.4/module.go:196)
  crisis: github.com/cosmos/cosmos-sdk/x/crisis.ProvideModule (/Users/avery/go/1.20.0/pkg/mod/github.com/cosmos/cosmos-sdk@v0.50.10/x/crisis/module.go:197)
  auth: github.com/cosmos/cosmos-sdk/x/auth.ProvideModule (/Users/avery/go/1.20.0/pkg/mod/github.com/cosmos/cosmos-sdk@v0.50.10/x/auth/module.go:209)
  token: mods.irisnet.org/modules/token.ProvideModule (/Users/avery/irismod/modules/token/depinject.go:66)
  slashing: github.com/cosmos/cosmos-sdk/x/slashing.ProvideModule (/Users/avery/go/1.20.0/pkg/mod/github.com/cosmos/cosmos-sdk@v0.50.10/x/slashing/module.go:230)
  params: github.com/cosmos/cosmos-sdk/x/params.ProvideModule (/Users/avery/go/1.20.0/pkg/mod/github.com/cosmos/cosmos-sdk@v0.50.10/x/params/module.go:129)
  distribution: github.com/cosmos/cosmos-sdk/x/distribution.ProvideModule (/Users/avery/go/1.20.0/pkg/mod/github.com/cosmos/cosmos-sdk@v0.50.10/x/distribution/module.go:232)
  service: mods.irisnet.org/modules/service.ProvideModule (/Users/avery/irismod/modules/service/depinject.go:70)
  random: mods.irisnet.org/modules/random.ProvideModule (/Users/avery/irismod/modules/random/depinject.go:55)
  record: mods.irisnet.org/modules/record.ProvideModule (/Users/avery/irismod/modules/record/depinject.go:53)
  staking: github.com/cosmos/cosmos-sdk/x/staking.ProvideModule (/Users/avery/go/1.20.0/pkg/mod/github.com/cosmos/cosmos-sdk@v0.50.10/x/staking/module.go:221)
  authz: github.com/cosmos/cosmos-sdk/x/authz/module.ProvideModule (/Users/avery/go/1.20.0/pkg/mod/github.com/cosmos/cosmos-sdk@v0.50.10/x/authz/module/module.go:178)
  consensus: github.com/cosmos/cosmos-sdk/x/consensus.ProvideModule (/Users/avery/go/1.20.0/pkg/mod/github.com/cosmos/cosmos-sdk@v0.50.10/x/consensus/module.go:117)
  mt: mods.irisnet.org/modules/mt.ProvideModule (/Users/avery/irismod/modules/mt/depinject.go:56)
  runtime: github.com/cosmos/cosmos-sdk/runtime.ProvideApp (/Users/avery/go/1.20.0/pkg/mod/github.com/cosmos/cosmos-sdk@v0.50.10/runtime/module.go:84)
  bank: github.com/cosmos/cosmos-sdk/x/bank.ProvideModule (/Users/avery/go/1.20.0/pkg/mod/github.com/cosmos/cosmos-sdk@v0.50.10/x/bank/module.go:227)
  mint: github.com/cosmos/cosmos-sdk/x/mint.ProvideModule (/Users/avery/go/1.20.0/pkg/mod/github.com/cosmos/cosmos-sdk@v0.50.10/x/mint/module.go:221)
  group: github.com/cosmos/cosmos-sdk/x/group/module.ProvideModule (/Users/avery/go/1.20.0/pkg/mod/github.com/cosmos/cosmos-sdk@v0.50.10/x/group/module/module.go:208)
  feegrant: cosmossdk.io/x/feegrant/module.ProvideModule (/Users/avery/go/1.20.0/pkg/mod/cosmossdk.io/x/feegrant@v0.1.1/module/module.go:184)
  coinswap: mods.irisnet.org/modules/coinswap.ProvideModule (/Users/avery/irismod/modules/coinswap/depinject.go:64)
  farm: mods.irisnet.org/modules/farm.ProvideModule (/Users/avery/irismod/modules/farm/depinject.go:70)
  oracle: mods.irisnet.org/modules/oracle.ProvideModule (/Users/avery/irismod/modules/oracle/depinject.go:57)
  vesting: github.com/cosmos/cosmos-sdk/x/auth/vesting.ProvideModule (/Users/avery/go/1.20.0/pkg/mod/github.com/cosmos/cosmos-sdk@v0.50.10/x/auth/vesting/module.go:140)
 Resolving dependencies for github.com/cosmos/cosmos-sdk/x/crisis.ProvideModule (/Users/avery/go/1.20.0/pkg/mod/github.com/cosmos/cosmos-sdk@v0.50.10/x/crisis/module.go:197)
  Supplying *modulev1.Module from cosmossdk.io/depinject/appconfig.Compose (/Users/avery/go/1.20.0/pkg/mod/cosmossdk.io/depinject@v1.0.0/appconfig/config.go:144) to github.com/cosmos/cosmos-sdk/x/crisis.ProvideModule
  Providing store.KVStoreService from github.com/cosmos/cosmos-sdk/runtime.ProvideKVStoreService (/Users/avery/go/1.20.0/pkg/mod/github.com/cosmos/cosmos-sdk@v0.50.10/runtime/module.go:232) to github.com/cosmos/cosmos-sdk/x/crisis.ProvideModule
  Resolving dependencies for github.com/cosmos/cosmos-sdk/runtime.ProvideKVStoreService (/Users/avery/go/1.20.0/pkg/mod/github.com/cosmos/cosmos-sdk@v0.50.10/runtime/module.go:232)
   Supplying *runtimev1alpha1.Module from cosmossdk.io/depinject/appconfig.Compose (/Users/avery/go/1.20.0/pkg/mod/cosmossdk.io/depinject@v1.0.0/appconfig/config.go:144) to github.com/cosmos/cosmos-sdk/runtime.ProvideKVStoreService
   Providing ModuleKey crisis
   Providing *runtime.AppBuilder from github.com/cosmos/cosmos-sdk/runtime.ProvideApp (/Users/avery/go/1.20.0/pkg/mod/github.com/cosmos/cosmos-sdk@v0.50.10/runtime/module.go:84) to github.com/cosmos/cosmos-sdk/runtime.ProvideKVStoreService
  Calling github.com/cosmos/cosmos-sdk/runtime.ProvideKVStoreService (/Users/avery/go/1.20.0/pkg/mod/github.com/cosmos/cosmos-sdk@v0.50.10/runtime/module.go:232)
  Providing codec.Codec from github.com/cosmos/cosmos-sdk/runtime.ProvideApp (/Users/avery/go/1.20.0/pkg/mod/github.com/cosmos/cosmos-sdk@v0.50.10/runtime/module.go:84) to github.com/cosmos/cosmos-sdk/x/crisis.ProvideModule
  Providing zero value for optional dependency types.AppOptions
  Providing keeper.BaseKeeper from github.com/cosmos/cosmos-sdk/x/bank.ProvideModule (/Users/avery/go/1.20.0/pkg/mod/github.com/cosmos/cosmos-sdk@v0.50.10/x/bank/module.go:227) to github.com/cosmos/cosmos-sdk/x/crisis.ProvideModule
  Providing address.Codec from github.com/cosmos/cosmos-sdk/runtime.ProvideAddressCodec (/Users/avery/go/1.20.0/pkg/mod/github.com/cosmos/cosmos-sdk@v0.50.10/runtime/module.go:284) to github.com/cosmos/cosmos-sdk/x/crisis.ProvideModule
  Providing types.Subspace from github.com/cosmos/cosmos-sdk/x/params.ProvideSubspace (/Users/avery/go/1.20.0/pkg/mod/github.com/cosmos/cosmos-sdk@v0.50.10/x/params/module.go:146) to github.com/cosmos/cosmos-sdk/x/crisis.ProvideModule
  Resolving dependencies for github.com/cosmos/cosmos-sdk/x/params.ProvideSubspace (/Users/avery/go/1.20.0/pkg/mod/github.com/cosmos/cosmos-sdk@v0.50.10/x/params/module.go:146)
   Providing ModuleKey crisis
   Providing keeper.Keeper from github.com/cosmos/cosmos-sdk/x/params.ProvideModule (/Users/avery/go/1.20.0/pkg/mod/github.com/cosmos/cosmos-sdk@v0.50.10/x/params/module.go:129) to github.com/cosmos/cosmos-sdk/x/params.ProvideSubspace
   Providing one-per-module type map map[string]types.KeyTable to github.com/cosmos/cosmos-sdk/x/params.ProvideSubspace from:
    gov: github.com/cosmos/cosmos-sdk/x/gov.ProvideKeyTable (/Users/avery/go/1.20.0/pkg/mod/github.com/cosmos/cosmos-sdk@v0.50.10/x/gov/module.go:218)
    coinswap: mods.irisnet.org/modules/coinswap.ProvideKeyTable (/Users/avery/irismod/modules/coinswap/depinject.go:25)
    farm: mods.irisnet.org/modules/farm.ProvideKeyTable (/Users/avery/irismod/modules/farm/depinject.go:28)
    htlc: mods.irisnet.org/modules/htlc.ProvideKeyTable (/Users/avery/irismod/modules/htlc/depinject.go:27)
    service: mods.irisnet.org/modules/service.ProvideKeyTable (/Users/avery/irismod/modules/service/depinject.go:31)
    token: mods.irisnet.org/modules/token.ProvideKeyTable (/Users/avery/irismod/modules/token/depinject.go:26)
  Calling github.com/cosmos/cosmos-sdk/x/params.ProvideSubspace (/Users/avery/go/1.20.0/pkg/mod/github.com/cosmos/cosmos-sdk@v0.50.10/x/params/module.go:146)
 Calling github.com/cosmos/cosmos-sdk/x/crisis.ProvideModule (/Users/avery/go/1.20.0/pkg/mod/github.com/cosmos/cosmos-sdk@v0.50.10/x/crisis/module.go:197)
 Resolving dependencies for mods.irisnet.org/modules/token.ProvideModule (/Users/avery/irismod/modules/token/depinject.go:66)
  Supplying *modulev1.Module from cosmossdk.io/depinject/appconfig.Compose (/Users/avery/go/1.20.0/pkg/mod/cosmossdk.io/depinject@v1.0.0/appconfig/config.go:144) to mods.irisnet.org/modules/token.ProvideModule
  Providing codec.Codec from github.com/cosmos/cosmos-sdk/runtime.ProvideApp (/Users/avery/go/1.20.0/pkg/mod/github.com/cosmos/cosmos-sdk@v0.50.10/runtime/module.go:84) to mods.irisnet.org/modules/token.ProvideModule
  Providing *types.KVStoreKey from github.com/cosmos/cosmos-sdk/runtime.ProvideKVStoreKey (/Users/avery/go/1.20.0/pkg/mod/github.com/cosmos/cosmos-sdk@v0.50.10/runtime/module.go:201) to mods.irisnet.org/modules/token.ProvideModule
  Resolving dependencies for github.com/cosmos/cosmos-sdk/runtime.ProvideKVStoreKey (/Users/avery/go/1.20.0/pkg/mod/github.com/cosmos/cosmos-sdk@v0.50.10/runtime/module.go:201)
   Supplying *runtimev1alpha1.Module from cosmossdk.io/depinject/appconfig.Compose (/Users/avery/go/1.20.0/pkg/mod/cosmossdk.io/depinject@v1.0.0/appconfig/config.go:144) to github.com/cosmos/cosmos-sdk/runtime.ProvideKVStoreKey
   Providing ModuleKey token
   Providing *runtime.AppBuilder from github.com/cosmos/cosmos-sdk/runtime.ProvideApp (/Users/avery/go/1.20.0/pkg/mod/github.com/cosmos/cosmos-sdk@v0.50.10/runtime/module.go:84) to github.com/cosmos/cosmos-sdk/runtime.ProvideKVStoreKey
  Calling github.com/cosmos/cosmos-sdk/runtime.ProvideKVStoreKey (/Users/avery/go/1.20.0/pkg/mod/github.com/cosmos/cosmos-sdk@v0.50.10/runtime/module.go:201)
  Providing keeper.AccountKeeper from github.com/cosmos/cosmos-sdk/x/auth.ProvideModule (/Users/avery/go/1.20.0/pkg/mod/github.com/cosmos/cosmos-sdk@v0.50.10/x/auth/module.go:209) to mods.irisnet.org/modules/token.ProvideModule
  Providing keeper.BaseKeeper from github.com/cosmos/cosmos-sdk/x/bank.ProvideModule (/Users/avery/go/1.20.0/pkg/mod/github.com/cosmos/cosmos-sdk@v0.50.10/x/bank/module.go:227) to mods.irisnet.org/modules/token.ProvideModule
  Implicitly registering resolver *keeper.mockEVM for interface type types.EVMKeeper
  Supplying *keeper.mockEVM from mods.irisnet.org/simapp.NewConfig (/Users/avery/irismod/simapp/test_helpers.go:175) to mods.irisnet.org/modules/token.ProvideModule
  Implicitly registering resolver *keeper.mockICS20 for interface type types.ICS20Keeper
  Supplying *keeper.mockICS20 from mods.irisnet.org/simapp.NewConfig (/Users/avery/irismod/simapp/test_helpers.go:175) to mods.irisnet.org/modules/token.ProvideModule
  Providing types.Subspace from github.com/cosmos/cosmos-sdk/x/params.ProvideSubspace (/Users/avery/go/1.20.0/pkg/mod/github.com/cosmos/cosmos-sdk@v0.50.10/x/params/module.go:146) to mods.irisnet.org/modules/token.ProvideModule
  Resolving dependencies for github.com/cosmos/cosmos-sdk/x/params.ProvideSubspace (/Users/avery/go/1.20.0/pkg/mod/github.com/cosmos/cosmos-sdk@v0.50.10/x/params/module.go:146)
   Providing ModuleKey token
   Providing keeper.Keeper from github.com/cosmos/cosmos-sdk/x/params.ProvideModule (/Users/avery/go/1.20.0/pkg/mod/github.com/cosmos/cosmos-sdk@v0.50.10/x/params/module.go:129) to github.com/cosmos/cosmos-sdk/x/params.ProvideSubspace
   Providing one-per-module type map map[string]types.KeyTable to github.com/cosmos/cosmos-sdk/x/params.ProvideSubspace from:
    htlc: mods.irisnet.org/modules/htlc.ProvideKeyTable (/Users/avery/irismod/modules/htlc/depinject.go:27)
    service: mods.irisnet.org/modules/service.ProvideKeyTable (/Users/avery/irismod/modules/service/depinject.go:31)
    token: mods.irisnet.org/modules/token.ProvideKeyTable (/Users/avery/irismod/modules/token/depinject.go:26)
    gov: github.com/cosmos/cosmos-sdk/x/gov.ProvideKeyTable (/Users/avery/go/1.20.0/pkg/mod/github.com/cosmos/cosmos-sdk@v0.50.10/x/gov/module.go:218)
    coinswap: mods.irisnet.org/modules/coinswap.ProvideKeyTable (/Users/avery/irismod/modules/coinswap/depinject.go:25)
    farm: mods.irisnet.org/modules/farm.ProvideKeyTable (/Users/avery/irismod/modules/farm/depinject.go:28)
  Calling github.com/cosmos/cosmos-sdk/x/params.ProvideSubspace (/Users/avery/go/1.20.0/pkg/mod/github.com/cosmos/cosmos-sdk@v0.50.10/x/params/module.go:146)
 Calling mods.irisnet.org/modules/token.ProvideModule (/Users/avery/irismod/modules/token/depinject.go:66)
 Resolving dependencies for mods.irisnet.org/modules/record.ProvideModule (/Users/avery/irismod/modules/record/depinject.go:53)
  Supplying *modulev1.Module from cosmossdk.io/depinject/appconfig.Compose (/Users/avery/go/1.20.0/pkg/mod/cosmossdk.io/depinject@v1.0.0/appconfig/config.go:144) to mods.irisnet.org/modules/record.ProvideModule
  Providing codec.Codec from github.com/cosmos/cosmos-sdk/runtime.ProvideApp (/Users/avery/go/1.20.0/pkg/mod/github.com/cosmos/cosmos-sdk@v0.50.10/runtime/module.go:84) to mods.irisnet.org/modules/record.ProvideModule
  Providing *types.KVStoreKey from github.com/cosmos/cosmos-sdk/runtime.ProvideKVStoreKey (/Users/avery/go/1.20.0/pkg/mod/github.com/cosmos/cosmos-sdk@v0.50.10/runtime/module.go:201) to mods.irisnet.org/modules/record.ProvideModule
  Resolving dependencies for github.com/cosmos/cosmos-sdk/runtime.ProvideKVStoreKey (/Users/avery/go/1.20.0/pkg/mod/github.com/cosmos/cosmos-sdk@v0.50.10/runtime/module.go:201)
   Supplying *runtimev1alpha1.Module from cosmossdk.io/depinject/appconfig.Compose (/Users/avery/go/1.20.0/pkg/mod/cosmossdk.io/depinject@v1.0.0/appconfig/config.go:144) to github.com/cosmos/cosmos-sdk/runtime.ProvideKVStoreKey
   Providing ModuleKey record
   Providing *runtime.AppBuilder from github.com/cosmos/cosmos-sdk/runtime.ProvideApp (/Users/avery/go/1.20.0/pkg/mod/github.com/cosmos/cosmos-sdk@v0.50.10/runtime/module.go:84) to github.com/cosmos/cosmos-sdk/runtime.ProvideKVStoreKey
  Calling github.com/cosmos/cosmos-sdk/runtime.ProvideKVStoreKey (/Users/avery/go/1.20.0/pkg/mod/github.com/cosmos/cosmos-sdk@v0.50.10/runtime/module.go:201)
  Providing keeper.AccountKeeper from github.com/cosmos/cosmos-sdk/x/auth.ProvideModule (/Users/avery/go/1.20.0/pkg/mod/github.com/cosmos/cosmos-sdk@v0.50.10/x/auth/module.go:209) to mods.irisnet.org/modules/record.ProvideModule
  Providing keeper.BaseKeeper from github.com/cosmos/cosmos-sdk/x/bank.ProvideModule (/Users/avery/go/1.20.0/pkg/mod/github.com/cosmos/cosmos-sdk@v0.50.10/x/bank/module.go:227) to mods.irisnet.org/modules/record.ProvideModule
 Calling mods.irisnet.org/modules/record.ProvideModule (/Users/avery/irismod/modules/record/depinject.go:53)
 Resolving dependencies for github.com/cosmos/cosmos-sdk/x/staking.ProvideModule (/Users/avery/go/1.20.0/pkg/mod/github.com/cosmos/cosmos-sdk@v0.50.10/x/staking/module.go:221)
  Supplying *modulev1.Module from cosmossdk.io/depinject/appconfig.Compose (/Users/avery/go/1.20.0/pkg/mod/cosmossdk.io/depinject@v1.0.0/appconfig/config.go:144) to github.com/cosmos/cosmos-sdk/x/staking.ProvideModule
  Providing runtime.ValidatorAddressCodec from github.com/cosmos/cosmos-sdk/runtime.ProvideAddressCodec (/Users/avery/go/1.20.0/pkg/mod/github.com/cosmos/cosmos-sdk@v0.50.10/runtime/module.go:284) to github.com/cosmos/cosmos-sdk/x/staking.ProvideModule
  Providing runtime.ConsensusAddressCodec from github.com/cosmos/cosmos-sdk/runtime.ProvideAddressCodec (/Users/avery/go/1.20.0/pkg/mod/github.com/cosmos/cosmos-sdk@v0.50.10/runtime/module.go:284) to github.com/cosmos/cosmos-sdk/x/staking.ProvideModule
  Providing keeper.AccountKeeper from github.com/cosmos/cosmos-sdk/x/auth.ProvideModule (/Users/avery/go/1.20.0/pkg/mod/github.com/cosmos/cosmos-sdk@v0.50.10/x/auth/module.go:209) to github.com/cosmos/cosmos-sdk/x/staking.ProvideModule
  Providing keeper.BaseKeeper from github.com/cosmos/cosmos-sdk/x/bank.ProvideModule (/Users/avery/go/1.20.0/pkg/mod/github.com/cosmos/cosmos-sdk@v0.50.10/x/bank/module.go:227) to github.com/cosmos/cosmos-sdk/x/staking.ProvideModule
  Providing codec.Codec from github.com/cosmos/cosmos-sdk/runtime.ProvideApp (/Users/avery/go/1.20.0/pkg/mod/github.com/cosmos/cosmos-sdk@v0.50.10/runtime/module.go:84) to github.com/cosmos/cosmos-sdk/x/staking.ProvideModule
  Providing store.KVStoreService from github.com/cosmos/cosmos-sdk/runtime.ProvideKVStoreService (/Users/avery/go/1.20.0/pkg/mod/github.com/cosmos/cosmos-sdk@v0.50.10/runtime/module.go:232) to github.com/cosmos/cosmos-sdk/x/staking.ProvideModule
  Resolving dependencies for github.com/cosmos/cosmos-sdk/runtime.ProvideKVStoreService (/Users/avery/go/1.20.0/pkg/mod/github.com/cosmos/cosmos-sdk@v0.50.10/runtime/module.go:232)
   Supplying *runtimev1alpha1.Module from cosmossdk.io/depinject/appconfig.Compose (/Users/avery/go/1.20.0/pkg/mod/cosmossdk.io/depinject@v1.0.0/appconfig/config.go:144) to github.com/cosmos/cosmos-sdk/runtime.ProvideKVStoreService
   Providing ModuleKey staking
   Providing *runtime.AppBuilder from github.com/cosmos/cosmos-sdk/runtime.ProvideApp (/Users/avery/go/1.20.0/pkg/mod/github.com/cosmos/cosmos-sdk@v0.50.10/runtime/module.go:84) to github.com/cosmos/cosmos-sdk/runtime.ProvideKVStoreService
  Calling github.com/cosmos/cosmos-sdk/runtime.ProvideKVStoreService (/Users/avery/go/1.20.0/pkg/mod/github.com/cosmos/cosmos-sdk@v0.50.10/runtime/module.go:232)
  Implicitly registering resolver types.Subspace for interface type exported.Subspace
  Providing types.Subspace from github.com/cosmos/cosmos-sdk/x/params.ProvideSubspace (/Users/avery/go/1.20.0/pkg/mod/github.com/cosmos/cosmos-sdk@v0.50.10/x/params/module.go:146) to github.com/cosmos/cosmos-sdk/x/staking.ProvideModule
  Resolving dependencies for github.com/cosmos/cosmos-sdk/x/params.ProvideSubspace (/Users/avery/go/1.20.0/pkg/mod/github.com/cosmos/cosmos-sdk@v0.50.10/x/params/module.go:146)
   Providing ModuleKey staking
   Providing keeper.Keeper from github.com/cosmos/cosmos-sdk/x/params.ProvideModule (/Users/avery/go/1.20.0/pkg/mod/github.com/cosmos/cosmos-sdk@v0.50.10/x/params/module.go:129) to github.com/cosmos/cosmos-sdk/x/params.ProvideSubspace
   Providing one-per-module type map map[string]types.KeyTable to github.com/cosmos/cosmos-sdk/x/params.ProvideSubspace from:
    gov: github.com/cosmos/cosmos-sdk/x/gov.ProvideKeyTable (/Users/avery/go/1.20.0/pkg/mod/github.com/cosmos/cosmos-sdk@v0.50.10/x/gov/module.go:218)
    coinswap: mods.irisnet.org/modules/coinswap.ProvideKeyTable (/Users/avery/irismod/modules/coinswap/depinject.go:25)
    farm: mods.irisnet.org/modules/farm.ProvideKeyTable (/Users/avery/irismod/modules/farm/depinject.go:28)
    htlc: mods.irisnet.org/modules/htlc.ProvideKeyTable (/Users/avery/irismod/modules/htlc/depinject.go:27)
    service: mods.irisnet.org/modules/service.ProvideKeyTable (/Users/avery/irismod/modules/service/depinject.go:31)
    token: mods.irisnet.org/modules/token.ProvideKeyTable (/Users/avery/irismod/modules/token/depinject.go:26)
  Calling github.com/cosmos/cosmos-sdk/x/params.ProvideSubspace (/Users/avery/go/1.20.0/pkg/mod/github.com/cosmos/cosmos-sdk@v0.50.10/x/params/module.go:146)
 Calling github.com/cosmos/cosmos-sdk/x/staking.ProvideModule (/Users/avery/go/1.20.0/pkg/mod/github.com/cosmos/cosmos-sdk@v0.50.10/x/staking/module.go:221)
 Resolving dependencies for github.com/cosmos/cosmos-sdk/x/slashing.ProvideModule (/Users/avery/go/1.20.0/pkg/mod/github.com/cosmos/cosmos-sdk@v0.50.10/x/slashing/module.go:230)
  Supplying *modulev1.Module from cosmossdk.io/depinject/appconfig.Compose (/Users/avery/go/1.20.0/pkg/mod/cosmossdk.io/depinject@v1.0.0/appconfig/config.go:144) to github.com/cosmos/cosmos-sdk/x/slashing.ProvideModule
  Providing store.KVStoreService from github.com/cosmos/cosmos-sdk/runtime.ProvideKVStoreService (/Users/avery/go/1.20.0/pkg/mod/github.com/cosmos/cosmos-sdk@v0.50.10/runtime/module.go:232) to github.com/cosmos/cosmos-sdk/x/slashing.ProvideModule
  Resolving dependencies for github.com/cosmos/cosmos-sdk/runtime.ProvideKVStoreService (/Users/avery/go/1.20.0/pkg/mod/github.com/cosmos/cosmos-sdk@v0.50.10/runtime/module.go:232)
   Supplying *runtimev1alpha1.Module from cosmossdk.io/depinject/appconfig.Compose (/Users/avery/go/1.20.0/pkg/mod/cosmossdk.io/depinject@v1.0.0/appconfig/config.go:144) to github.com/cosmos/cosmos-sdk/runtime.ProvideKVStoreService
   Providing ModuleKey slashing
   Providing *runtime.AppBuilder from github.com/cosmos/cosmos-sdk/runtime.ProvideApp (/Users/avery/go/1.20.0/pkg/mod/github.com/cosmos/cosmos-sdk@v0.50.10/runtime/module.go:84) to github.com/cosmos/cosmos-sdk/runtime.ProvideKVStoreService
  Calling github.com/cosmos/cosmos-sdk/runtime.ProvideKVStoreService (/Users/avery/go/1.20.0/pkg/mod/github.com/cosmos/cosmos-sdk@v0.50.10/runtime/module.go:232)
  Providing codec.Codec from github.com/cosmos/cosmos-sdk/runtime.ProvideApp (/Users/avery/go/1.20.0/pkg/mod/github.com/cosmos/cosmos-sdk@v0.50.10/runtime/module.go:84) to github.com/cosmos/cosmos-sdk/x/slashing.ProvideModule
  Providing *codec.LegacyAmino from github.com/cosmos/cosmos-sdk/runtime.ProvideApp (/Users/avery/go/1.20.0/pkg/mod/github.com/cosmos/cosmos-sdk@v0.50.10/runtime/module.go:84) to github.com/cosmos/cosmos-sdk/x/slashing.ProvideModule
  Providing types.InterfaceRegistry from github.com/cosmos/cosmos-sdk/runtime.ProvideInterfaceRegistry (/Users/avery/go/1.20.0/pkg/mod/github.com/cosmos/cosmos-sdk@v0.50.10/runtime/module.go:164) to github.com/cosmos/cosmos-sdk/x/slashing.ProvideModule
  Providing keeper.AccountKeeper from github.com/cosmos/cosmos-sdk/x/auth.ProvideModule (/Users/avery/go/1.20.0/pkg/mod/github.com/cosmos/cosmos-sdk@v0.50.10/x/auth/module.go:209) to github.com/cosmos/cosmos-sdk/x/slashing.ProvideModule
  Providing keeper.BaseKeeper from github.com/cosmos/cosmos-sdk/x/bank.ProvideModule (/Users/avery/go/1.20.0/pkg/mod/github.com/cosmos/cosmos-sdk@v0.50.10/x/bank/module.go:227) to github.com/cosmos/cosmos-sdk/x/slashing.ProvideModule
  Providing *keeper.Keeper from github.com/cosmos/cosmos-sdk/x/staking.ProvideModule (/Users/avery/go/1.20.0/pkg/mod/github.com/cosmos/cosmos-sdk@v0.50.10/x/staking/module.go:221) to github.com/cosmos/cosmos-sdk/x/slashing.ProvideModule
  Implicitly registering resolver types.Subspace for interface type exported.Subspace
  Providing types.Subspace from github.com/cosmos/cosmos-sdk/x/params.ProvideSubspace (/Users/avery/go/1.20.0/pkg/mod/github.com/cosmos/cosmos-sdk@v0.50.10/x/params/module.go:146) to github.com/cosmos/cosmos-sdk/x/slashing.ProvideModule
  Resolving dependencies for github.com/cosmos/cosmos-sdk/x/params.ProvideSubspace (/Users/avery/go/1.20.0/pkg/mod/github.com/cosmos/cosmos-sdk@v0.50.10/x/params/module.go:146)
   Providing ModuleKey slashing
   Providing keeper.Keeper from github.com/cosmos/cosmos-sdk/x/params.ProvideModule (/Users/avery/go/1.20.0/pkg/mod/github.com/cosmos/cosmos-sdk@v0.50.10/x/params/module.go:129) to github.com/cosmos/cosmos-sdk/x/params.ProvideSubspace
   Providing one-per-module type map map[string]types.KeyTable to github.com/cosmos/cosmos-sdk/x/params.ProvideSubspace from:
    service: mods.irisnet.org/modules/service.ProvideKeyTable (/Users/avery/irismod/modules/service/depinject.go:31)
    token: mods.irisnet.org/modules/token.ProvideKeyTable (/Users/avery/irismod/modules/token/depinject.go:26)
    gov: github.com/cosmos/cosmos-sdk/x/gov.ProvideKeyTable (/Users/avery/go/1.20.0/pkg/mod/github.com/cosmos/cosmos-sdk@v0.50.10/x/gov/module.go:218)
    coinswap: mods.irisnet.org/modules/coinswap.ProvideKeyTable (/Users/avery/irismod/modules/coinswap/depinject.go:25)
    farm: mods.irisnet.org/modules/farm.ProvideKeyTable (/Users/avery/irismod/modules/farm/depinject.go:28)
    htlc: mods.irisnet.org/modules/htlc.ProvideKeyTable (/Users/avery/irismod/modules/htlc/depinject.go:27)
  Calling github.com/cosmos/cosmos-sdk/x/params.ProvideSubspace (/Users/avery/go/1.20.0/pkg/mod/github.com/cosmos/cosmos-sdk@v0.50.10/x/params/module.go:146)
 Calling github.com/cosmos/cosmos-sdk/x/slashing.ProvideModule (/Users/avery/go/1.20.0/pkg/mod/github.com/cosmos/cosmos-sdk@v0.50.10/x/slashing/module.go:230)
 Resolving dependencies for github.com/cosmos/cosmos-sdk/x/distribution.ProvideModule (/Users/avery/go/1.20.0/pkg/mod/github.com/cosmos/cosmos-sdk@v0.50.10/x/distribution/module.go:232)
  Supplying *modulev1.Module from cosmossdk.io/depinject/appconfig.Compose (/Users/avery/go/1.20.0/pkg/mod/cosmossdk.io/depinject@v1.0.0/appconfig/config.go:144) to github.com/cosmos/cosmos-sdk/x/distribution.ProvideModule
  Providing store.KVStoreService from github.com/cosmos/cosmos-sdk/runtime.ProvideKVStoreService (/Users/avery/go/1.20.0/pkg/mod/github.com/cosmos/cosmos-sdk@v0.50.10/runtime/module.go:232) to github.com/cosmos/cosmos-sdk/x/distribution.ProvideModule
  Resolving dependencies for github.com/cosmos/cosmos-sdk/runtime.ProvideKVStoreService (/Users/avery/go/1.20.0/pkg/mod/github.com/cosmos/cosmos-sdk@v0.50.10/runtime/module.go:232)
   Supplying *runtimev1alpha1.Module from cosmossdk.io/depinject/appconfig.Compose (/Users/avery/go/1.20.0/pkg/mod/cosmossdk.io/depinject@v1.0.0/appconfig/config.go:144) to github.com/cosmos/cosmos-sdk/runtime.ProvideKVStoreService
   Providing ModuleKey distribution
   Providing *runtime.AppBuilder from github.com/cosmos/cosmos-sdk/runtime.ProvideApp (/Users/avery/go/1.20.0/pkg/mod/github.com/cosmos/cosmos-sdk@v0.50.10/runtime/module.go:84) to github.com/cosmos/cosmos-sdk/runtime.ProvideKVStoreService
  Calling github.com/cosmos/cosmos-sdk/runtime.ProvideKVStoreService (/Users/avery/go/1.20.0/pkg/mod/github.com/cosmos/cosmos-sdk@v0.50.10/runtime/module.go:232)
  Providing codec.Codec from github.com/cosmos/cosmos-sdk/runtime.ProvideApp (/Users/avery/go/1.20.0/pkg/mod/github.com/cosmos/cosmos-sdk@v0.50.10/runtime/module.go:84) to github.com/cosmos/cosmos-sdk/x/distribution.ProvideModule
  Providing keeper.AccountKeeper from github.com/cosmos/cosmos-sdk/x/auth.ProvideModule (/Users/avery/go/1.20.0/pkg/mod/github.com/cosmos/cosmos-sdk@v0.50.10/x/auth/module.go:209) to github.com/cosmos/cosmos-sdk/x/distribution.ProvideModule
  Providing keeper.BaseKeeper from github.com/cosmos/cosmos-sdk/x/bank.ProvideModule (/Users/avery/go/1.20.0/pkg/mod/github.com/cosmos/cosmos-sdk@v0.50.10/x/bank/module.go:227) to github.com/cosmos/cosmos-sdk/x/distribution.ProvideModule
  Providing *keeper.Keeper from github.com/cosmos/cosmos-sdk/x/staking.ProvideModule (/Users/avery/go/1.20.0/pkg/mod/github.com/cosmos/cosmos-sdk@v0.50.10/x/staking/module.go:221) to github.com/cosmos/cosmos-sdk/x/distribution.ProvideModule
  Providing types.Subspace from github.com/cosmos/cosmos-sdk/x/params.ProvideSubspace (/Users/avery/go/1.20.0/pkg/mod/github.com/cosmos/cosmos-sdk@v0.50.10/x/params/module.go:146) to github.com/cosmos/cosmos-sdk/x/distribution.ProvideModule
  Resolving dependencies for github.com/cosmos/cosmos-sdk/x/params.ProvideSubspace (/Users/avery/go/1.20.0/pkg/mod/github.com/cosmos/cosmos-sdk@v0.50.10/x/params/module.go:146)
   Providing ModuleKey distribution
   Providing keeper.Keeper from github.com/cosmos/cosmos-sdk/x/params.ProvideModule (/Users/avery/go/1.20.0/pkg/mod/github.com/cosmos/cosmos-sdk@v0.50.10/x/params/module.go:129) to github.com/cosmos/cosmos-sdk/x/params.ProvideSubspace
   Providing one-per-module type map map[string]types.KeyTable to github.com/cosmos/cosmos-sdk/x/params.ProvideSubspace from:
    gov: github.com/cosmos/cosmos-sdk/x/gov.ProvideKeyTable (/Users/avery/go/1.20.0/pkg/mod/github.com/cosmos/cosmos-sdk@v0.50.10/x/gov/module.go:218)
    coinswap: mods.irisnet.org/modules/coinswap.ProvideKeyTable (/Users/avery/irismod/modules/coinswap/depinject.go:25)
    farm: mods.irisnet.org/modules/farm.ProvideKeyTable (/Users/avery/irismod/modules/farm/depinject.go:28)
    htlc: mods.irisnet.org/modules/htlc.ProvideKeyTable (/Users/avery/irismod/modules/htlc/depinject.go:27)
    service: mods.irisnet.org/modules/service.ProvideKeyTable (/Users/avery/irismod/modules/service/depinject.go:31)
    token: mods.irisnet.org/modules/token.ProvideKeyTable (/Users/avery/irismod/modules/token/depinject.go:26)
  Calling github.com/cosmos/cosmos-sdk/x/params.ProvideSubspace (/Users/avery/go/1.20.0/pkg/mod/github.com/cosmos/cosmos-sdk@v0.50.10/x/params/module.go:146)
 Calling github.com/cosmos/cosmos-sdk/x/distribution.ProvideModule (/Users/avery/go/1.20.0/pkg/mod/github.com/cosmos/cosmos-sdk@v0.50.10/x/distribution/module.go:232)
 Resolving dependencies for mods.irisnet.org/modules/service.ProvideModule (/Users/avery/irismod/modules/service/depinject.go:70)
  Supplying *modulev1.Module from cosmossdk.io/depinject/appconfig.Compose (/Users/avery/go/1.20.0/pkg/mod/cosmossdk.io/depinject@v1.0.0/appconfig/config.go:144) to mods.irisnet.org/modules/service.ProvideModule
  Providing codec.Codec from github.com/cosmos/cosmos-sdk/runtime.ProvideApp (/Users/avery/go/1.20.0/pkg/mod/github.com/cosmos/cosmos-sdk@v0.50.10/runtime/module.go:84) to mods.irisnet.org/modules/service.ProvideModule
  Providing *types.KVStoreKey from github.com/cosmos/cosmos-sdk/runtime.ProvideKVStoreKey (/Users/avery/go/1.20.0/pkg/mod/github.com/cosmos/cosmos-sdk@v0.50.10/runtime/module.go:201) to mods.irisnet.org/modules/service.ProvideModule
  Resolving dependencies for github.com/cosmos/cosmos-sdk/runtime.ProvideKVStoreKey (/Users/avery/go/1.20.0/pkg/mod/github.com/cosmos/cosmos-sdk@v0.50.10/runtime/module.go:201)
   Supplying *runtimev1alpha1.Module from cosmossdk.io/depinject/appconfig.Compose (/Users/avery/go/1.20.0/pkg/mod/cosmossdk.io/depinject@v1.0.0/appconfig/config.go:144) to github.com/cosmos/cosmos-sdk/runtime.ProvideKVStoreKey
   Providing ModuleKey service
   Providing *runtime.AppBuilder from github.com/cosmos/cosmos-sdk/runtime.ProvideApp (/Users/avery/go/1.20.0/pkg/mod/github.com/cosmos/cosmos-sdk@v0.50.10/runtime/module.go:84) to github.com/cosmos/cosmos-sdk/runtime.ProvideKVStoreKey
  Calling github.com/cosmos/cosmos-sdk/runtime.ProvideKVStoreKey (/Users/avery/go/1.20.0/pkg/mod/github.com/cosmos/cosmos-sdk@v0.50.10/runtime/module.go:201)
  Providing keeper.AccountKeeper from github.com/cosmos/cosmos-sdk/x/auth.ProvideModule (/Users/avery/go/1.20.0/pkg/mod/github.com/cosmos/cosmos-sdk@v0.50.10/x/auth/module.go:209) to mods.irisnet.org/modules/service.ProvideModule
  Providing keeper.BaseKeeper from github.com/cosmos/cosmos-sdk/x/bank.ProvideModule (/Users/avery/go/1.20.0/pkg/mod/github.com/cosmos/cosmos-sdk@v0.50.10/x/bank/module.go:227) to mods.irisnet.org/modules/service.ProvideModule
  Providing types.Subspace from github.com/cosmos/cosmos-sdk/x/params.ProvideSubspace (/Users/avery/go/1.20.0/pkg/mod/github.com/cosmos/cosmos-sdk@v0.50.10/x/params/module.go:146) to mods.irisnet.org/modules/service.ProvideModule
  Resolving dependencies for github.com/cosmos/cosmos-sdk/x/params.ProvideSubspace (/Users/avery/go/1.20.0/pkg/mod/github.com/cosmos/cosmos-sdk@v0.50.10/x/params/module.go:146)
   Providing ModuleKey service
   Providing keeper.Keeper from github.com/cosmos/cosmos-sdk/x/params.ProvideModule (/Users/avery/go/1.20.0/pkg/mod/github.com/cosmos/cosmos-sdk@v0.50.10/x/params/module.go:129) to github.com/cosmos/cosmos-sdk/x/params.ProvideSubspace
   Providing one-per-module type map map[string]types.KeyTable to github.com/cosmos/cosmos-sdk/x/params.ProvideSubspace from:
    gov: github.com/cosmos/cosmos-sdk/x/gov.ProvideKeyTable (/Users/avery/go/1.20.0/pkg/mod/github.com/cosmos/cosmos-sdk@v0.50.10/x/gov/module.go:218)
    coinswap: mods.irisnet.org/modules/coinswap.ProvideKeyTable (/Users/avery/irismod/modules/coinswap/depinject.go:25)
    farm: mods.irisnet.org/modules/farm.ProvideKeyTable (/Users/avery/irismod/modules/farm/depinject.go:28)
    htlc: mods.irisnet.org/modules/htlc.ProvideKeyTable (/Users/avery/irismod/modules/htlc/depinject.go:27)
    service: mods.irisnet.org/modules/service.ProvideKeyTable (/Users/avery/irismod/modules/service/depinject.go:31)
    token: mods.irisnet.org/modules/token.ProvideKeyTable (/Users/avery/irismod/modules/token/depinject.go:26)
  Calling github.com/cosmos/cosmos-sdk/x/params.ProvideSubspace (/Users/avery/go/1.20.0/pkg/mod/github.com/cosmos/cosmos-sdk@v0.50.10/x/params/module.go:146)
 Calling mods.irisnet.org/modules/service.ProvideModule (/Users/avery/irismod/modules/service/depinject.go:70)
 Resolving dependencies for mods.irisnet.org/modules/random.ProvideModule (/Users/avery/irismod/modules/random/depinject.go:55)
  Supplying *modulev1.Module from cosmossdk.io/depinject/appconfig.Compose (/Users/avery/go/1.20.0/pkg/mod/cosmossdk.io/depinject@v1.0.0/appconfig/config.go:144) to mods.irisnet.org/modules/random.ProvideModule
  Providing codec.Codec from github.com/cosmos/cosmos-sdk/runtime.ProvideApp (/Users/avery/go/1.20.0/pkg/mod/github.com/cosmos/cosmos-sdk@v0.50.10/runtime/module.go:84) to mods.irisnet.org/modules/random.ProvideModule
  Providing *types.KVStoreKey from github.com/cosmos/cosmos-sdk/runtime.ProvideKVStoreKey (/Users/avery/go/1.20.0/pkg/mod/github.com/cosmos/cosmos-sdk@v0.50.10/runtime/module.go:201) to mods.irisnet.org/modules/random.ProvideModule
  Resolving dependencies for github.com/cosmos/cosmos-sdk/runtime.ProvideKVStoreKey (/Users/avery/go/1.20.0/pkg/mod/github.com/cosmos/cosmos-sdk@v0.50.10/runtime/module.go:201)
   Supplying *runtimev1alpha1.Module from cosmossdk.io/depinject/appconfig.Compose (/Users/avery/go/1.20.0/pkg/mod/cosmossdk.io/depinject@v1.0.0/appconfig/config.go:144) to github.com/cosmos/cosmos-sdk/runtime.ProvideKVStoreKey
   Providing ModuleKey random
   Providing *runtime.AppBuilder from github.com/cosmos/cosmos-sdk/runtime.ProvideApp (/Users/avery/go/1.20.0/pkg/mod/github.com/cosmos/cosmos-sdk@v0.50.10/runtime/module.go:84) to github.com/cosmos/cosmos-sdk/runtime.ProvideKVStoreKey
  Calling github.com/cosmos/cosmos-sdk/runtime.ProvideKVStoreKey (/Users/avery/go/1.20.0/pkg/mod/github.com/cosmos/cosmos-sdk@v0.50.10/runtime/module.go:201)
  Providing keeper.AccountKeeper from github.com/cosmos/cosmos-sdk/x/auth.ProvideModule (/Users/avery/go/1.20.0/pkg/mod/github.com/cosmos/cosmos-sdk@v0.50.10/x/auth/module.go:209) to mods.irisnet.org/modules/random.ProvideModule
  Providing keeper.BaseKeeper from github.com/cosmos/cosmos-sdk/x/bank.ProvideModule (/Users/avery/go/1.20.0/pkg/mod/github.com/cosmos/cosmos-sdk@v0.50.10/x/bank/module.go:227) to mods.irisnet.org/modules/random.ProvideModule
  Providing keeper.Keeper from mods.irisnet.org/modules/service.ProvideModule (/Users/avery/irismod/modules/service/depinject.go:70) to mods.irisnet.org/modules/random.ProvideModule
 Calling mods.irisnet.org/modules/random.ProvideModule (/Users/avery/irismod/modules/random/depinject.go:55)
 Resolving dependencies for github.com/cosmos/cosmos-sdk/x/authz/module.ProvideModule (/Users/avery/go/1.20.0/pkg/mod/github.com/cosmos/cosmos-sdk@v0.50.10/x/authz/module/module.go:178)
  Providing codec.Codec from github.com/cosmos/cosmos-sdk/runtime.ProvideApp (/Users/avery/go/1.20.0/pkg/mod/github.com/cosmos/cosmos-sdk@v0.50.10/runtime/module.go:84) to github.com/cosmos/cosmos-sdk/x/authz/module.ProvideModule
  Providing keeper.AccountKeeper from github.com/cosmos/cosmos-sdk/x/auth.ProvideModule (/Users/avery/go/1.20.0/pkg/mod/github.com/cosmos/cosmos-sdk@v0.50.10/x/auth/module.go:209) to github.com/cosmos/cosmos-sdk/x/authz/module.ProvideModule
  Providing keeper.BaseKeeper from github.com/cosmos/cosmos-sdk/x/bank.ProvideModule (/Users/avery/go/1.20.0/pkg/mod/github.com/cosmos/cosmos-sdk@v0.50.10/x/bank/module.go:227) to github.com/cosmos/cosmos-sdk/x/authz/module.ProvideModule
  Providing types.InterfaceRegistry from github.com/cosmos/cosmos-sdk/runtime.ProvideInterfaceRegistry (/Users/avery/go/1.20.0/pkg/mod/github.com/cosmos/cosmos-sdk@v0.50.10/runtime/module.go:164) to github.com/cosmos/cosmos-sdk/x/authz/module.ProvideModule
  Providing *baseapp.MsgServiceRouter from github.com/cosmos/cosmos-sdk/runtime.ProvideApp (/Users/avery/go/1.20.0/pkg/mod/github.com/cosmos/cosmos-sdk@v0.50.10/runtime/module.go:84) to github.com/cosmos/cosmos-sdk/x/authz/module.ProvideModule
  Providing store.KVStoreService from github.com/cosmos/cosmos-sdk/runtime.ProvideKVStoreService (/Users/avery/go/1.20.0/pkg/mod/github.com/cosmos/cosmos-sdk@v0.50.10/runtime/module.go:232) to github.com/cosmos/cosmos-sdk/x/authz/module.ProvideModule
  Resolving dependencies for github.com/cosmos/cosmos-sdk/runtime.ProvideKVStoreService (/Users/avery/go/1.20.0/pkg/mod/github.com/cosmos/cosmos-sdk@v0.50.10/runtime/module.go:232)
   Supplying *runtimev1alpha1.Module from cosmossdk.io/depinject/appconfig.Compose (/Users/avery/go/1.20.0/pkg/mod/cosmossdk.io/depinject@v1.0.0/appconfig/config.go:144) to github.com/cosmos/cosmos-sdk/runtime.ProvideKVStoreService
   Providing ModuleKey authz
   Providing *runtime.AppBuilder from github.com/cosmos/cosmos-sdk/runtime.ProvideApp (/Users/avery/go/1.20.0/pkg/mod/github.com/cosmos/cosmos-sdk@v0.50.10/runtime/module.go:84) to github.com/cosmos/cosmos-sdk/runtime.ProvideKVStoreService
  Calling github.com/cosmos/cosmos-sdk/runtime.ProvideKVStoreService (/Users/avery/go/1.20.0/pkg/mod/github.com/cosmos/cosmos-sdk@v0.50.10/runtime/module.go:232)
 Calling github.com/cosmos/cosmos-sdk/x/authz/module.ProvideModule (/Users/avery/go/1.20.0/pkg/mod/github.com/cosmos/cosmos-sdk@v0.50.10/x/authz/module/module.go:178)
 Resolving dependencies for github.com/cosmos/cosmos-sdk/x/consensus.ProvideModule (/Users/avery/go/1.20.0/pkg/mod/github.com/cosmos/cosmos-sdk@v0.50.10/x/consensus/module.go:117)
  Supplying *modulev1.Module from cosmossdk.io/depinject/appconfig.Compose (/Users/avery/go/1.20.0/pkg/mod/cosmossdk.io/depinject@v1.0.0/appconfig/config.go:144) to github.com/cosmos/cosmos-sdk/x/consensus.ProvideModule
  Providing codec.Codec from github.com/cosmos/cosmos-sdk/runtime.ProvideApp (/Users/avery/go/1.20.0/pkg/mod/github.com/cosmos/cosmos-sdk@v0.50.10/runtime/module.go:84) to github.com/cosmos/cosmos-sdk/x/consensus.ProvideModule
  Providing store.KVStoreService from github.com/cosmos/cosmos-sdk/runtime.ProvideKVStoreService (/Users/avery/go/1.20.0/pkg/mod/github.com/cosmos/cosmos-sdk@v0.50.10/runtime/module.go:232) to github.com/cosmos/cosmos-sdk/x/consensus.ProvideModule
  Resolving dependencies for github.com/cosmos/cosmos-sdk/runtime.ProvideKVStoreService (/Users/avery/go/1.20.0/pkg/mod/github.com/cosmos/cosmos-sdk@v0.50.10/runtime/module.go:232)
   Supplying *runtimev1alpha1.Module from cosmossdk.io/depinject/appconfig.Compose (/Users/avery/go/1.20.0/pkg/mod/cosmossdk.io/depinject@v1.0.0/appconfig/config.go:144) to github.com/cosmos/cosmos-sdk/runtime.ProvideKVStoreService
   Providing ModuleKey consensus
   Providing *runtime.AppBuilder from github.com/cosmos/cosmos-sdk/runtime.ProvideApp (/Users/avery/go/1.20.0/pkg/mod/github.com/cosmos/cosmos-sdk@v0.50.10/runtime/module.go:84) to github.com/cosmos/cosmos-sdk/runtime.ProvideKVStoreService
  Calling github.com/cosmos/cosmos-sdk/runtime.ProvideKVStoreService (/Users/avery/go/1.20.0/pkg/mod/github.com/cosmos/cosmos-sdk@v0.50.10/runtime/module.go:232)
  Providing event.Service from github.com/cosmos/cosmos-sdk/runtime.ProvideEventService (/Users/avery/go/1.20.0/pkg/mod/github.com/cosmos/cosmos-sdk@v0.50.10/runtime/module.go:247) to github.com/cosmos/cosmos-sdk/x/consensus.ProvideModule
  Resolving dependencies for github.com/cosmos/cosmos-sdk/runtime.ProvideEventService (/Users/avery/go/1.20.0/pkg/mod/github.com/cosmos/cosmos-sdk@v0.50.10/runtime/module.go:247)
  Calling github.com/cosmos/cosmos-sdk/runtime.ProvideEventService (/Users/avery/go/1.20.0/pkg/mod/github.com/cosmos/cosmos-sdk@v0.50.10/runtime/module.go:247)
 Calling github.com/cosmos/cosmos-sdk/x/consensus.ProvideModule (/Users/avery/go/1.20.0/pkg/mod/github.com/cosmos/cosmos-sdk@v0.50.10/x/consensus/module.go:117)
 Resolving dependencies for mods.irisnet.org/modules/mt.ProvideModule (/Users/avery/irismod/modules/mt/depinject.go:56)
  Supplying *modulev1.Module from cosmossdk.io/depinject/appconfig.Compose (/Users/avery/go/1.20.0/pkg/mod/cosmossdk.io/depinject@v1.0.0/appconfig/config.go:144) to mods.irisnet.org/modules/mt.ProvideModule
  Providing codec.Codec from github.com/cosmos/cosmos-sdk/runtime.ProvideApp (/Users/avery/go/1.20.0/pkg/mod/github.com/cosmos/cosmos-sdk@v0.50.10/runtime/module.go:84) to mods.irisnet.org/modules/mt.ProvideModule
  Providing *types.KVStoreKey from github.com/cosmos/cosmos-sdk/runtime.ProvideKVStoreKey (/Users/avery/go/1.20.0/pkg/mod/github.com/cosmos/cosmos-sdk@v0.50.10/runtime/module.go:201) to mods.irisnet.org/modules/mt.ProvideModule
  Resolving dependencies for github.com/cosmos/cosmos-sdk/runtime.ProvideKVStoreKey (/Users/avery/go/1.20.0/pkg/mod/github.com/cosmos/cosmos-sdk@v0.50.10/runtime/module.go:201)
   Supplying *runtimev1alpha1.Module from cosmossdk.io/depinject/appconfig.Compose (/Users/avery/go/1.20.0/pkg/mod/cosmossdk.io/depinject@v1.0.0/appconfig/config.go:144) to github.com/cosmos/cosmos-sdk/runtime.ProvideKVStoreKey
   Providing ModuleKey mt
   Providing *runtime.AppBuilder from github.com/cosmos/cosmos-sdk/runtime.ProvideApp (/Users/avery/go/1.20.0/pkg/mod/github.com/cosmos/cosmos-sdk@v0.50.10/runtime/module.go:84) to github.com/cosmos/cosmos-sdk/runtime.ProvideKVStoreKey
  Calling github.com/cosmos/cosmos-sdk/runtime.ProvideKVStoreKey (/Users/avery/go/1.20.0/pkg/mod/github.com/cosmos/cosmos-sdk@v0.50.10/runtime/module.go:201)
  Providing keeper.AccountKeeper from github.com/cosmos/cosmos-sdk/x/auth.ProvideModule (/Users/avery/go/1.20.0/pkg/mod/github.com/cosmos/cosmos-sdk@v0.50.10/x/auth/module.go:209) to mods.irisnet.org/modules/mt.ProvideModule
  Providing keeper.BaseKeeper from github.com/cosmos/cosmos-sdk/x/bank.ProvideModule (/Users/avery/go/1.20.0/pkg/mod/github.com/cosmos/cosmos-sdk@v0.50.10/x/bank/module.go:227) to mods.irisnet.org/modules/mt.ProvideModule
 Calling mods.irisnet.org/modules/mt.ProvideModule (/Users/avery/irismod/modules/mt/depinject.go:56)
 Resolving dependencies for mods.irisnet.org/modules/farm.ProvideModule (/Users/avery/irismod/modules/farm/depinject.go:70)
  Supplying *modulev1.Module from cosmossdk.io/depinject/appconfig.Compose (/Users/avery/go/1.20.0/pkg/mod/cosmossdk.io/depinject@v1.0.0/appconfig/config.go:144) to mods.irisnet.org/modules/farm.ProvideModule
  Providing codec.Codec from github.com/cosmos/cosmos-sdk/runtime.ProvideApp (/Users/avery/go/1.20.0/pkg/mod/github.com/cosmos/cosmos-sdk@v0.50.10/runtime/module.go:84) to mods.irisnet.org/modules/farm.ProvideModule
  Providing *types.KVStoreKey from github.com/cosmos/cosmos-sdk/runtime.ProvideKVStoreKey (/Users/avery/go/1.20.0/pkg/mod/github.com/cosmos/cosmos-sdk@v0.50.10/runtime/module.go:201) to mods.irisnet.org/modules/farm.ProvideModule
  Resolving dependencies for github.com/cosmos/cosmos-sdk/runtime.ProvideKVStoreKey (/Users/avery/go/1.20.0/pkg/mod/github.com/cosmos/cosmos-sdk@v0.50.10/runtime/module.go:201)
   Supplying *runtimev1alpha1.Module from cosmossdk.io/depinject/appconfig.Compose (/Users/avery/go/1.20.0/pkg/mod/cosmossdk.io/depinject@v1.0.0/appconfig/config.go:144) to github.com/cosmos/cosmos-sdk/runtime.ProvideKVStoreKey
   Providing ModuleKey farm
   Providing *runtime.AppBuilder from github.com/cosmos/cosmos-sdk/runtime.ProvideApp (/Users/avery/go/1.20.0/pkg/mod/github.com/cosmos/cosmos-sdk@v0.50.10/runtime/module.go:84) to github.com/cosmos/cosmos-sdk/runtime.ProvideKVStoreKey
  Calling github.com/cosmos/cosmos-sdk/runtime.ProvideKVStoreKey (/Users/avery/go/1.20.0/pkg/mod/github.com/cosmos/cosmos-sdk@v0.50.10/runtime/module.go:201)
  Providing keeper.AccountKeeper from github.com/cosmos/cosmos-sdk/x/auth.ProvideModule (/Users/avery/go/1.20.0/pkg/mod/github.com/cosmos/cosmos-sdk@v0.50.10/x/auth/module.go:209) to mods.irisnet.org/modules/farm.ProvideModule
  Providing keeper.BaseKeeper from github.com/cosmos/cosmos-sdk/x/bank.ProvideModule (/Users/avery/go/1.20.0/pkg/mod/github.com/cosmos/cosmos-sdk@v0.50.10/x/bank/module.go:227) to mods.irisnet.org/modules/farm.ProvideModule
  Providing zero value for optional dependency types.DistrKeeper
  Error: can't resolve type mods.irisnet.org/modules/farm/types/types.GovKeeper for mods.irisnet.org/modules/farm.ProvideModule (/Users/avery/irismod/modules/farm/depinject.go:70):
	while resolving:
		types.GovKeeper for mods.irisnet.org/modules/farm.ProvideModule (/Users/avery/irismod/modules/farm/depinject.go:70)
		types.DistrKeeper for mods.irisnet.org/modules/farm.ProvideModule (/Users/avery/irismod/modules/farm/depinject.go:70)
		*types.KVStoreKey for mods.irisnet.org/modules/farm.ProvideModule (/Users/avery/irismod/modules/farm/depinject.go:70)
		*types.KVStoreKey for mods.irisnet.org/modules/mt.ProvideModule (/Users/avery/irismod/modules/mt/depinject.go:56)
		store.KVStoreService for github.com/cosmos/cosmos-sdk/x/consensus.ProvideModule (/Users/avery/go/1.20.0/pkg/mod/github.com/cosmos/cosmos-sdk@v0.50.10/x/consensus/module.go:117)
		store.KVStoreService for github.com/cosmos/cosmos-sdk/x/authz/module.ProvideModule (/Users/avery/go/1.20.0/pkg/mod/github.com/cosmos/cosmos-sdk@v0.50.10/x/authz/module/module.go:178)
		*types.KVStoreKey for mods.irisnet.org/modules/random.ProvideModule (/Users/avery/irismod/modules/random/depinject.go:55)
		types.Subspace for mods.irisnet.org/modules/service.ProvideModule (/Users/avery/irismod/modules/service/depinject.go:70)
		*types.KVStoreKey for mods.irisnet.org/modules/service.ProvideModule (/Users/avery/irismod/modules/service/depinject.go:70)
		exported.Subspace for github.com/cosmos/cosmos-sdk/x/distribution.ProvideModule (/Users/avery/go/1.20.0/pkg/mod/github.com/cosmos/cosmos-sdk@v0.50.10/x/distribution/module.go:232)
		store.KVStoreService for github.com/cosmos/cosmos-sdk/x/distribution.ProvideModule (/Users/avery/go/1.20.0/pkg/mod/github.com/cosmos/cosmos-sdk@v0.50.10/x/distribution/module.go:232)
		exported.Subspace for github.com/cosmos/cosmos-sdk/x/slashing.ProvideModule (/Users/avery/go/1.20.0/pkg/mod/github.com/cosmos/cosmos-sdk@v0.50.10/x/slashing/module.go:230)
		store.KVStoreService for github.com/cosmos/cosmos-sdk/x/slashing.ProvideModule (/Users/avery/go/1.20.0/pkg/mod/github.com/cosmos/cosmos-sdk@v0.50.10/x/slashing/module.go:230)
		exported.Subspace for github.com/cosmos/cosmos-sdk/x/staking.ProvideModule (/Users/avery/go/1.20.0/pkg/mod/github.com/cosmos/cosmos-sdk@v0.50.10/x/staking/module.go:221)
		store.KVStoreService for github.com/cosmos/cosmos-sdk/x/staking.ProvideModule (/Users/avery/go/1.20.0/pkg/mod/github.com/cosmos/cosmos-sdk@v0.50.10/x/staking/module.go:221)
		*types.KVStoreKey for mods.irisnet.org/modules/record.ProvideModule (/Users/avery/irismod/modules/record/depinject.go:53)
		types.Subspace for mods.irisnet.org/modules/token.ProvideModule (/Users/avery/irismod/modules/token/depinject.go:66)
		*types.KVStoreKey for mods.irisnet.org/modules/token.ProvideModule (/Users/avery/irismod/modules/token/depinject.go:66)
		exported.Subspace for github.com/cosmos/cosmos-sdk/x/crisis.ProvideModule (/Users/avery/go/1.20.0/pkg/mod/github.com/cosmos/cosmos-sdk@v0.50.10/x/crisis/module.go:197)
		types.AppOptions for github.com/cosmos/cosmos-sdk/x/crisis.ProvideModule (/Users/avery/go/1.20.0/pkg/mod/github.com/cosmos/cosmos-sdk@v0.50.10/x/crisis/module.go:197)
		store.KVStoreService for github.com/cosmos/cosmos-sdk/x/crisis.ProvideModule (/Users/avery/go/1.20.0/pkg/mod/github.com/cosmos/cosmos-sdk@v0.50.10/x/crisis/module.go:197)
		map[string]appmodule.AppModule for github.com/cosmos/cosmos-sdk/runtime.SetupAppBuilder (/Users/avery/go/1.20.0/pkg/mod/github.com/cosmos/cosmos-sdk@v0.50.10/runtime/module.go:141)
		ante.FeegrantKeeper for github.com/cosmos/cosmos-sdk/x/auth/tx/config.ProvideModule (/Users/avery/go/1.20.0/pkg/mod/github.com/cosmos/cosmos-sdk@v0.50.10/x/auth/tx/config/config.go:70)
		depinject.ModuleKey for github.com/cosmos/cosmos-sdk/x/params.ProvideSubspace (/Users/avery/go/1.20.0/pkg/mod/github.com/cosmos/cosmos-sdk@v0.50.10/x/params/module.go:146)
		exported.Subspace for github.com/cosmos/cosmos-sdk/x/auth.ProvideModule (/Users/avery/go/1.20.0/pkg/mod/github.com/cosmos/cosmos-sdk@v0.50.10/x/auth/module.go:209)
		func() types.AccountI for github.com/cosmos/cosmos-sdk/x/auth.ProvideModule (/Users/avery/go/1.20.0/pkg/mod/github.com/cosmos/cosmos-sdk@v0.50.10/x/auth/module.go:209)
		types.RandomGenesisAccountsFn for github.com/cosmos/cosmos-sdk/x/auth.ProvideModule (/Users/avery/go/1.20.0/pkg/mod/github.com/cosmos/cosmos-sdk@v0.50.10/x/auth/module.go:209)
		store.KVStoreService for github.com/cosmos/cosmos-sdk/x/auth.ProvideModule (/Users/avery/go/1.20.0/pkg/mod/github.com/cosmos/cosmos-sdk@v0.50.10/x/auth/module.go:209)
		types.AccountKeeper for github.com/cosmos/cosmos-sdk/x/bank.ProvideModule (/Users/avery/go/1.20.0/pkg/mod/github.com/cosmos/cosmos-sdk@v0.50.10/x/bank/module.go:227)
		store.KVStoreService for github.com/cosmos/cosmos-sdk/x/bank.ProvideModule (/Users/avery/go/1.20.0/pkg/mod/github.com/cosmos/cosmos-sdk@v0.50.10/x/bank/module.go:227)
		types.BankKeeper for github.com/cosmos/cosmos-sdk/x/auth/tx/config.ProvideModule (/Users/avery/go/1.20.0/pkg/mod/github.com/cosmos/cosmos-sdk@v0.50.10/x/auth/tx/config/config.go:70)
		client.TxConfig for mods.irisnet.org/simapp.NewConfig (/Users/avery/irismod/simapp/test_helpers.go:172)
		address.Codec for github.com/cosmos/cosmos-sdk/runtime.ProvideInterfaceRegistry (/Users/avery/go/1.20.0/pkg/mod/github.com/cosmos/cosmos-sdk@v0.50.10/runtime/module.go:164)
		types.InterfaceRegistry for github.com/cosmos/cosmos-sdk/runtime.ProvideApp (/Users/avery/go/1.20.0/pkg/mod/github.com/cosmos/cosmos-sdk@v0.50.10/runtime/module.go:84)
		*runtime.AppBuilder for mods.irisnet.org/simapp.NewConfig (/Users/avery/irismod/simapp/test_helpers.go:172)

  Saved graph of container to /Users/avery/irismod/e2e/nft/debug_container.dot
